{"C:\\Users\\adsomos\\Documents\\GitHub\\mulberry\\src\\app.ts": {"path":"C:\\Users\\adsomos\\Documents\\GitHub\\mulberry\\src\\app.ts","statementMap":{"0":{"start":{"line":21,"column":12},"end":{"line":21,"column":21}},"1":{"start":{"line":23,"column":0},"end":{"line":23,"column":24}},"2":{"start":{"line":24,"column":0},"end":{"line":24,"column":16}},"3":{"start":{"line":25,"column":0},"end":{"line":25,"column":24}},"4":{"start":{"line":27,"column":0},"end":{"line":27,"column":25}},"5":{"start":{"line":28,"column":0},"end":{"line":28,"column":23}},"6":{"start":{"line":29,"column":0},"end":{"line":29,"column":27}},"7":{"start":{"line":30,"column":0},"end":{"line":30,"column":29}},"8":{"start":{"line":31,"column":0},"end":{"line":31,"column":25}},"9":{"start":{"line":32,"column":0},"end":{"line":32,"column":33}},"10":{"start":{"line":33,"column":0},"end":{"line":33,"column":37}},"11":{"start":{"line":34,"column":0},"end":{"line":34,"column":23}},"12":{"start":{"line":35,"column":0},"end":{"line":35,"column":21}},"13":{"start":{"line":36,"column":0},"end":{"line":36,"column":29}},"14":{"start":{"line":37,"column":0},"end":{"line":37,"column":27}},"15":{"start":{"line":38,"column":0},"end":{"line":38,"column":23}},"16":{"start":{"line":39,"column":0},"end":{"line":39,"column":25}},"17":{"start":{"line":40,"column":0},"end":{"line":40,"column":37}},"18":{"start":{"line":41,"column":0},"end":{"line":41,"column":23}}},"fnMap":{},"branchMap":{},"s":{"0":1,"1":1,"2":1,"3":1,"4":1,"5":1,"6":1,"7":1,"8":1,"9":1,"10":1,"11":1,"12":1,"13":1,"14":1,"15":1,"16":1,"17":1,"18":1},"f":{},"b":{},"_coverageSchema":"1a1c01bbd47fc00a2c39e90264f33305004495a9","hash":"284a311815356b755cb1d76935d68cc4411e4827"}
,"C:\\Users\\adsomos\\Documents\\GitHub\\mulberry\\src\\controllers\\generateLog.ts": {"path":"C:\\Users\\adsomos\\Documents\\GitHub\\mulberry\\src\\controllers\\generateLog.ts","statementMap":{"0":{"start":{"line":3,"column":15},"end":{"line":3,"column":33}},"1":{"start":{"line":5,"column":20},"end":{"line":18,"column":1}},"2":{"start":{"line":10,"column":19},"end":{"line":16,"column":6}},"3":{"start":{"line":17,"column":4},"end":{"line":17,"column":18}}},"fnMap":{"0":{"name":"(anonymous_0)","decl":{"start":{"line":5,"column":20},"end":{"line":5,"column":21}},"loc":{"start":{"line":9,"column":5},"end":{"line":18,"column":1}},"line":9}},"branchMap":{},"s":{"0":1,"1":1,"2":1,"3":1},"f":{"0":1},"b":{},"_coverageSchema":"1a1c01bbd47fc00a2c39e90264f33305004495a9","hash":"0ef45c62b28acea4079bc14940776553a4047d75"}
,"C:\\Users\\adsomos\\Documents\\GitHub\\mulberry\\src\\routes\\Brands.ts": {"path":"C:\\Users\\adsomos\\Documents\\GitHub\\mulberry\\src\\routes\\Brands.ts","statementMap":{"0":{"start":{"line":5,"column":15},"end":{"line":5,"column":31}},"1":{"start":{"line":6,"column":15},"end":{"line":6,"column":33}},"2":{"start":{"line":8,"column":0},"end":{"line":8,"column":30}},"3":{"start":{"line":9,"column":0},"end":{"line":9,"column":34}},"4":{"start":{"line":10,"column":0},"end":{"line":10,"column":33}},"5":{"start":{"line":11,"column":0},"end":{"line":11,"column":32}},"6":{"start":{"line":12,"column":0},"end":{"line":12,"column":37}},"7":{"start":{"line":13,"column":0},"end":{"line":13,"column":39}},"8":{"start":{"line":16,"column":4},"end":{"line":21,"column":5}},"9":{"start":{"line":17,"column":23},"end":{"line":17,"column":53}},"10":{"start":{"line":18,"column":8},"end":{"line":18,"column":25}},"11":{"start":{"line":20,"column":8},"end":{"line":20,"column":34}},"12":{"start":{"line":25,"column":15},"end":{"line":25,"column":28}},"13":{"start":{"line":26,"column":4},"end":{"line":33,"column":5}},"14":{"start":{"line":27,"column":22},"end":{"line":29,"column":10}},"15":{"start":{"line":30,"column":8},"end":{"line":30,"column":24}},"16":{"start":{"line":32,"column":8},"end":{"line":32,"column":22}},"17":{"start":{"line":37,"column":36},"end":{"line":37,"column":44}},"18":{"start":{"line":38,"column":4},"end":{"line":57,"column":5}},"19":{"start":{"line":39,"column":8},"end":{"line":54,"column":9}},"20":{"start":{"line":40,"column":26},"end":{"line":42,"column":14}},"21":{"start":{"line":43,"column":27},"end":{"line":50,"column":13}},"22":{"start":{"line":51,"column":12},"end":{"line":51,"column":29}},"23":{"start":{"line":53,"column":12},"end":{"line":53,"column":32}},"24":{"start":{"line":56,"column":8},"end":{"line":56,"column":22}},"25":{"start":{"line":61,"column":40},"end":{"line":61,"column":48}},"26":{"start":{"line":62,"column":4},"end":{"line":85,"column":5}},"27":{"start":{"line":63,"column":8},"end":{"line":82,"column":9}},"28":{"start":{"line":64,"column":29},"end":{"line":66,"column":14}},"29":{"start":{"line":67,"column":26},"end":{"line":70,"column":14}},"30":{"start":{"line":71,"column":27},"end":{"line":78,"column":13}},"31":{"start":{"line":79,"column":12},"end":{"line":79,"column":29}},"32":{"start":{"line":81,"column":12},"end":{"line":81,"column":32}},"33":{"start":{"line":84,"column":8},"end":{"line":84,"column":22}},"34":{"start":{"line":89,"column":19},"end":{"line":89,"column":27}},"35":{"start":{"line":90,"column":4},"end":{"line":109,"column":5}},"36":{"start":{"line":91,"column":8},"end":{"line":106,"column":9}},"37":{"start":{"line":92,"column":26},"end":{"line":94,"column":14}},"38":{"start":{"line":95,"column":27},"end":{"line":102,"column":13}},"39":{"start":{"line":103,"column":12},"end":{"line":103,"column":29}},"40":{"start":{"line":105,"column":12},"end":{"line":105,"column":32}},"41":{"start":{"line":108,"column":8},"end":{"line":108,"column":22}},"42":{"start":{"line":113,"column":4},"end":{"line":118,"column":5}},"43":{"start":{"line":114,"column":23},"end":{"line":114,"column":57}},"44":{"start":{"line":115,"column":8},"end":{"line":115,"column":25}},"45":{"start":{"line":117,"column":8},"end":{"line":117,"column":22}}},"fnMap":{"0":{"name":"getAllBrands","decl":{"start":{"line":15,"column":15},"end":{"line":15,"column":27}},"loc":{"start":{"line":15,"column":38},"end":{"line":22,"column":1}},"line":15},"1":{"name":"getBrandPerId","decl":{"start":{"line":24,"column":15},"end":{"line":24,"column":28}},"loc":{"start":{"line":24,"column":39},"end":{"line":34,"column":1}},"line":24},"2":{"name":"createNewBrand","decl":{"start":{"line":36,"column":15},"end":{"line":36,"column":29}},"loc":{"start":{"line":36,"column":40},"end":{"line":58,"column":1}},"line":36},"3":{"name":"editBrandPerId","decl":{"start":{"line":60,"column":15},"end":{"line":60,"column":29}},"loc":{"start":{"line":60,"column":40},"end":{"line":86,"column":1}},"line":60},"4":{"name":"deleteBrandPerId","decl":{"start":{"line":88,"column":15},"end":{"line":88,"column":31}},"loc":{"start":{"line":88,"column":42},"end":{"line":110,"column":1}},"line":88},"5":{"name":"deleteAllBrands","decl":{"start":{"line":112,"column":15},"end":{"line":112,"column":30}},"loc":{"start":{"line":112,"column":41},"end":{"line":119,"column":1}},"line":112}},"branchMap":{"0":{"loc":{"start":{"line":39,"column":8},"end":{"line":54,"column":9}},"type":"if","locations":[{"start":{"line":39,"column":8},"end":{"line":54,"column":9}},{"start":{"line":52,"column":15},"end":{"line":54,"column":9}}],"line":39},"1":{"loc":{"start":{"line":39,"column":12},"end":{"line":39,"column":33}},"type":"binary-expr","locations":[{"start":{"line":39,"column":12},"end":{"line":39,"column":23}},{"start":{"line":39,"column":27},"end":{"line":39,"column":33}}],"line":39},"2":{"loc":{"start":{"line":63,"column":8},"end":{"line":82,"column":9}},"type":"if","locations":[{"start":{"line":63,"column":8},"end":{"line":82,"column":9}},{"start":{"line":80,"column":15},"end":{"line":82,"column":9}}],"line":63},"3":{"loc":{"start":{"line":63,"column":12},"end":{"line":63,"column":39}},"type":"binary-expr","locations":[{"start":{"line":63,"column":12},"end":{"line":63,"column":14}},{"start":{"line":63,"column":18},"end":{"line":63,"column":29}},{"start":{"line":63,"column":33},"end":{"line":63,"column":39}}],"line":63},"4":{"loc":{"start":{"line":91,"column":8},"end":{"line":106,"column":9}},"type":"if","locations":[{"start":{"line":91,"column":8},"end":{"line":106,"column":9}},{"start":{"line":104,"column":15},"end":{"line":106,"column":9}}],"line":91}},"s":{"0":1,"1":1,"2":1,"3":1,"4":1,"5":1,"6":1,"7":1,"8":1,"9":1,"10":1,"11":0,"12":1,"13":1,"14":1,"15":1,"16":0,"17":1,"18":1,"19":1,"20":1,"21":1,"22":1,"23":0,"24":0,"25":0,"26":0,"27":0,"28":0,"29":0,"30":0,"31":0,"32":0,"33":0,"34":0,"35":0,"36":0,"37":0,"38":0,"39":0,"40":0,"41":0,"42":0,"43":0,"44":0,"45":0},"f":{"0":1,"1":1,"2":1,"3":0,"4":0,"5":0},"b":{"0":[1,0],"1":[1,1],"2":[0,0],"3":[0,0,0],"4":[0,0]},"_coverageSchema":"1a1c01bbd47fc00a2c39e90264f33305004495a9","hash":"61a823f8d52c748a2d4c37f4f09643700ff1642a"}
,"C:\\Users\\adsomos\\Documents\\GitHub\\mulberry\\src\\routes\\Citys.ts": {"path":"C:\\Users\\adsomos\\Documents\\GitHub\\mulberry\\src\\routes\\Citys.ts","statementMap":{"0":{"start":{"line":5,"column":15},"end":{"line":5,"column":31}},"1":{"start":{"line":6,"column":15},"end":{"line":6,"column":33}},"2":{"start":{"line":8,"column":0},"end":{"line":8,"column":29}},"3":{"start":{"line":9,"column":0},"end":{"line":9,"column":37}},"4":{"start":{"line":10,"column":0},"end":{"line":10,"column":32}},"5":{"start":{"line":11,"column":0},"end":{"line":11,"column":33}},"6":{"start":{"line":12,"column":0},"end":{"line":12,"column":36}},"7":{"start":{"line":13,"column":0},"end":{"line":13,"column":38}},"8":{"start":{"line":16,"column":4},"end":{"line":21,"column":5}},"9":{"start":{"line":17,"column":23},"end":{"line":17,"column":54}},"10":{"start":{"line":18,"column":8},"end":{"line":18,"column":25}},"11":{"start":{"line":20,"column":8},"end":{"line":20,"column":21}},"12":{"start":{"line":25,"column":17},"end":{"line":25,"column":32}},"13":{"start":{"line":26,"column":4},"end":{"line":37,"column":5}},"14":{"start":{"line":27,"column":8},"end":{"line":34,"column":9}},"15":{"start":{"line":28,"column":27},"end":{"line":30,"column":14}},"16":{"start":{"line":31,"column":12},"end":{"line":31,"column":29}},"17":{"start":{"line":33,"column":12},"end":{"line":33,"column":31}},"18":{"start":{"line":36,"column":8},"end":{"line":36,"column":21}},"19":{"start":{"line":41,"column":40},"end":{"line":41,"column":48}},"20":{"start":{"line":42,"column":4},"end":{"line":66,"column":5}},"21":{"start":{"line":43,"column":8},"end":{"line":63,"column":9}},"22":{"start":{"line":44,"column":25},"end":{"line":51,"column":14}},"23":{"start":{"line":52,"column":27},"end":{"line":59,"column":13}},"24":{"start":{"line":60,"column":12},"end":{"line":60,"column":29}},"25":{"start":{"line":62,"column":12},"end":{"line":62,"column":32}},"26":{"start":{"line":65,"column":8},"end":{"line":65,"column":21}},"27":{"start":{"line":70,"column":46},"end":{"line":70,"column":54}},"28":{"start":{"line":71,"column":4},"end":{"line":99,"column":5}},"29":{"start":{"line":72,"column":8},"end":{"line":96,"column":9}},"30":{"start":{"line":73,"column":28},"end":{"line":75,"column":14}},"31":{"start":{"line":76,"column":25},"end":{"line":84,"column":14}},"32":{"start":{"line":85,"column":27},"end":{"line":92,"column":13}},"33":{"start":{"line":93,"column":12},"end":{"line":93,"column":29}},"34":{"start":{"line":95,"column":12},"end":{"line":95,"column":32}},"35":{"start":{"line":98,"column":8},"end":{"line":98,"column":21}},"36":{"start":{"line":103,"column":21},"end":{"line":103,"column":29}},"37":{"start":{"line":104,"column":4},"end":{"line":117,"column":5}},"38":{"start":{"line":105,"column":8},"end":{"line":114,"column":9}},"39":{"start":{"line":106,"column":27},"end":{"line":110,"column":14}},"40":{"start":{"line":111,"column":12},"end":{"line":111,"column":28}},"41":{"start":{"line":113,"column":12},"end":{"line":113,"column":31}},"42":{"start":{"line":116,"column":8},"end":{"line":116,"column":21}},"43":{"start":{"line":120,"column":4},"end":{"line":125,"column":5}},"44":{"start":{"line":121,"column":23},"end":{"line":121,"column":56}},"45":{"start":{"line":122,"column":8},"end":{"line":122,"column":24}},"46":{"start":{"line":124,"column":8},"end":{"line":124,"column":21}}},"fnMap":{"0":{"name":"getAllCitys","decl":{"start":{"line":15,"column":15},"end":{"line":15,"column":26}},"loc":{"start":{"line":15,"column":37},"end":{"line":22,"column":1}},"line":15},"1":{"name":"getCityPerCode","decl":{"start":{"line":24,"column":15},"end":{"line":24,"column":29}},"loc":{"start":{"line":24,"column":41},"end":{"line":38,"column":1}},"line":24},"2":{"name":"createNewCity","decl":{"start":{"line":40,"column":15},"end":{"line":40,"column":28}},"loc":{"start":{"line":40,"column":39},"end":{"line":67,"column":1}},"line":40},"3":{"name":"editCityPerCode","decl":{"start":{"line":69,"column":15},"end":{"line":69,"column":30}},"loc":{"start":{"line":69,"column":41},"end":{"line":100,"column":1}},"line":69},"4":{"name":"deleteCityPerId","decl":{"start":{"line":102,"column":15},"end":{"line":102,"column":30}},"loc":{"start":{"line":102,"column":41},"end":{"line":118,"column":1}},"line":102},"5":{"name":"deleteAllCitys","decl":{"start":{"line":119,"column":15},"end":{"line":119,"column":29}},"loc":{"start":{"line":119,"column":40},"end":{"line":126,"column":1}},"line":119}},"branchMap":{"0":{"loc":{"start":{"line":27,"column":8},"end":{"line":34,"column":9}},"type":"if","locations":[{"start":{"line":27,"column":8},"end":{"line":34,"column":9}},{"start":{"line":32,"column":15},"end":{"line":34,"column":9}}],"line":27},"1":{"loc":{"start":{"line":43,"column":8},"end":{"line":63,"column":9}},"type":"if","locations":[{"start":{"line":43,"column":8},"end":{"line":63,"column":9}},{"start":{"line":61,"column":15},"end":{"line":63,"column":9}}],"line":43},"2":{"loc":{"start":{"line":43,"column":12},"end":{"line":43,"column":39}},"type":"binary-expr","locations":[{"start":{"line":43,"column":12},"end":{"line":43,"column":16}},{"start":{"line":43,"column":20},"end":{"line":43,"column":29}},{"start":{"line":43,"column":33},"end":{"line":43,"column":39}}],"line":43},"3":{"loc":{"start":{"line":72,"column":8},"end":{"line":96,"column":9}},"type":"if","locations":[{"start":{"line":72,"column":8},"end":{"line":96,"column":9}},{"start":{"line":94,"column":15},"end":{"line":96,"column":9}}],"line":72},"4":{"loc":{"start":{"line":72,"column":12},"end":{"line":72,"column":47}},"type":"binary-expr","locations":[{"start":{"line":72,"column":12},"end":{"line":72,"column":16}},{"start":{"line":72,"column":20},"end":{"line":72,"column":24}},{"start":{"line":72,"column":28},"end":{"line":72,"column":37}},{"start":{"line":72,"column":41},"end":{"line":72,"column":47}}],"line":72},"5":{"loc":{"start":{"line":105,"column":8},"end":{"line":114,"column":9}},"type":"if","locations":[{"start":{"line":105,"column":8},"end":{"line":114,"column":9}},{"start":{"line":112,"column":15},"end":{"line":114,"column":9}}],"line":105}},"s":{"0":1,"1":1,"2":1,"3":1,"4":1,"5":1,"6":1,"7":1,"8":0,"9":0,"10":0,"11":0,"12":0,"13":0,"14":0,"15":0,"16":0,"17":0,"18":0,"19":0,"20":0,"21":0,"22":0,"23":0,"24":0,"25":0,"26":0,"27":0,"28":0,"29":0,"30":0,"31":0,"32":0,"33":0,"34":0,"35":0,"36":0,"37":0,"38":0,"39":0,"40":0,"41":0,"42":0,"43":0,"44":0,"45":0,"46":0},"f":{"0":0,"1":0,"2":0,"3":0,"4":0,"5":0},"b":{"0":[0,0],"1":[0,0],"2":[0,0,0],"3":[0,0],"4":[0,0,0,0],"5":[0,0]},"_coverageSchema":"1a1c01bbd47fc00a2c39e90264f33305004495a9","hash":"a532ee91f616b25a4543f7740bbde44fa51a9b81"}
,"C:\\Users\\adsomos\\Documents\\GitHub\\mulberry\\src\\routes\\Clients.ts": {"path":"C:\\Users\\adsomos\\Documents\\GitHub\\mulberry\\src\\routes\\Clients.ts","statementMap":{"0":{"start":{"line":5,"column":15},"end":{"line":5,"column":31}},"1":{"start":{"line":6,"column":15},"end":{"line":6,"column":33}}},"fnMap":{},"branchMap":{},"s":{"0":1,"1":1},"f":{},"b":{},"_coverageSchema":"1a1c01bbd47fc00a2c39e90264f33305004495a9","hash":"110651f1e2c9450953630eb3d2cc85cbe17c4e81"}
,"C:\\Users\\adsomos\\Documents\\GitHub\\mulberry\\src\\routes\\Company.ts": {"path":"C:\\Users\\adsomos\\Documents\\GitHub\\mulberry\\src\\routes\\Company.ts","statementMap":{"0":{"start":{"line":4,"column":15},"end":{"line":4,"column":31}},"1":{"start":{"line":5,"column":15},"end":{"line":5,"column":33}},"2":{"start":{"line":7,"column":0},"end":{"line":7,"column":33}},"3":{"start":{"line":8,"column":0},"end":{"line":8,"column":32}},"4":{"start":{"line":9,"column":0},"end":{"line":9,"column":34}},"5":{"start":{"line":10,"column":0},"end":{"line":10,"column":39}},"6":{"start":{"line":13,"column":19},"end":{"line":13,"column":27}},"7":{"start":{"line":14,"column":4},"end":{"line":22,"column":5}},"8":{"start":{"line":15,"column":23},"end":{"line":17,"column":10}},"9":{"start":{"line":18,"column":8},"end":{"line":18,"column":25}},"10":{"start":{"line":20,"column":23},"end":{"line":20,"column":54}},"11":{"start":{"line":21,"column":8},"end":{"line":21,"column":25}},"12":{"start":{"line":26,"column":21},"end":{"line":26,"column":29}},"13":{"start":{"line":27,"column":4},"end":{"line":34,"column":5}},"14":{"start":{"line":28,"column":23},"end":{"line":30,"column":10}},"15":{"start":{"line":31,"column":8},"end":{"line":31,"column":25}},"16":{"start":{"line":33,"column":8},"end":{"line":33,"column":28}},"17":{"start":{"line":38,"column":25},"end":{"line":38,"column":33}},"18":{"start":{"line":39,"column":4},"end":{"line":49,"column":5}},"19":{"start":{"line":40,"column":23},"end":{"line":45,"column":10}},"20":{"start":{"line":46,"column":8},"end":{"line":46,"column":25}},"21":{"start":{"line":48,"column":8},"end":{"line":48,"column":28}},"22":{"start":{"line":53,"column":19},"end":{"line":53,"column":27}},"23":{"start":{"line":54,"column":4},"end":{"line":61,"column":5}},"24":{"start":{"line":55,"column":23},"end":{"line":57,"column":10}},"25":{"start":{"line":58,"column":8},"end":{"line":58,"column":25}},"26":{"start":{"line":60,"column":8},"end":{"line":60,"column":28}}},"fnMap":{"0":{"name":"getCompanyPerId","decl":{"start":{"line":12,"column":15},"end":{"line":12,"column":30}},"loc":{"start":{"line":12,"column":41},"end":{"line":23,"column":1}},"line":12},"1":{"name":"createCompany","decl":{"start":{"line":25,"column":15},"end":{"line":25,"column":28}},"loc":{"start":{"line":25,"column":40},"end":{"line":35,"column":1}},"line":25},"2":{"name":"editCompanyPerId","decl":{"start":{"line":37,"column":15},"end":{"line":37,"column":31}},"loc":{"start":{"line":37,"column":43},"end":{"line":50,"column":1}},"line":37},"3":{"name":"deleteCompanyPerId","decl":{"start":{"line":52,"column":15},"end":{"line":52,"column":33}},"loc":{"start":{"line":52,"column":44},"end":{"line":62,"column":1}},"line":52}},"branchMap":{"0":{"loc":{"start":{"line":14,"column":4},"end":{"line":22,"column":5}},"type":"if","locations":[{"start":{"line":14,"column":4},"end":{"line":22,"column":5}},{"start":{"line":19,"column":11},"end":{"line":22,"column":5}}],"line":14},"1":{"loc":{"start":{"line":27,"column":4},"end":{"line":34,"column":5}},"type":"if","locations":[{"start":{"line":27,"column":4},"end":{"line":34,"column":5}},{"start":{"line":32,"column":11},"end":{"line":34,"column":5}}],"line":27},"2":{"loc":{"start":{"line":39,"column":4},"end":{"line":49,"column":5}},"type":"if","locations":[{"start":{"line":39,"column":4},"end":{"line":49,"column":5}},{"start":{"line":47,"column":11},"end":{"line":49,"column":5}}],"line":39},"3":{"loc":{"start":{"line":39,"column":8},"end":{"line":39,"column":18}},"type":"binary-expr","locations":[{"start":{"line":39,"column":8},"end":{"line":39,"column":10}},{"start":{"line":39,"column":14},"end":{"line":39,"column":18}}],"line":39},"4":{"loc":{"start":{"line":54,"column":4},"end":{"line":61,"column":5}},"type":"if","locations":[{"start":{"line":54,"column":4},"end":{"line":61,"column":5}},{"start":{"line":59,"column":11},"end":{"line":61,"column":5}}],"line":54}},"s":{"0":1,"1":1,"2":1,"3":1,"4":1,"5":1,"6":0,"7":0,"8":0,"9":0,"10":0,"11":0,"12":0,"13":0,"14":0,"15":0,"16":0,"17":0,"18":0,"19":0,"20":0,"21":0,"22":0,"23":0,"24":0,"25":0,"26":0},"f":{"0":0,"1":0,"2":0,"3":0},"b":{"0":[0,0],"1":[0,0],"2":[0,0],"3":[0,0],"4":[0,0]},"_coverageSchema":"1a1c01bbd47fc00a2c39e90264f33305004495a9","hash":"cf457d7b0586dfcb0b6dd3abc54acd8d068d28d3"}
,"C:\\Users\\adsomos\\Documents\\GitHub\\mulberry\\src\\routes\\Groups.ts": {"path":"C:\\Users\\adsomos\\Documents\\GitHub\\mulberry\\src\\routes\\Groups.ts","statementMap":{"0":{"start":{"line":5,"column":15},"end":{"line":5,"column":31}},"1":{"start":{"line":6,"column":15},"end":{"line":6,"column":33}},"2":{"start":{"line":8,"column":0},"end":{"line":8,"column":30}},"3":{"start":{"line":9,"column":0},"end":{"line":9,"column":34}},"4":{"start":{"line":10,"column":0},"end":{"line":10,"column":33}},"5":{"start":{"line":11,"column":0},"end":{"line":11,"column":32}},"6":{"start":{"line":12,"column":0},"end":{"line":12,"column":37}},"7":{"start":{"line":13,"column":0},"end":{"line":13,"column":39}},"8":{"start":{"line":16,"column":19},"end":{"line":16,"column":49}},"9":{"start":{"line":17,"column":4},"end":{"line":17,"column":21}},"10":{"start":{"line":21,"column":15},"end":{"line":21,"column":28}},"11":{"start":{"line":22,"column":18},"end":{"line":26,"column":6}},"12":{"start":{"line":27,"column":4},"end":{"line":27,"column":19}},"13":{"start":{"line":31,"column":36},"end":{"line":31,"column":44}},"14":{"start":{"line":32,"column":4},"end":{"line":49,"column":5}},"15":{"start":{"line":33,"column":22},"end":{"line":37,"column":10}},"16":{"start":{"line":38,"column":23},"end":{"line":45,"column":9}},"17":{"start":{"line":46,"column":8},"end":{"line":46,"column":25}},"18":{"start":{"line":48,"column":8},"end":{"line":48,"column":27}},"19":{"start":{"line":53,"column":32},"end":{"line":53,"column":40}},"20":{"start":{"line":54,"column":19},"end":{"line":61,"column":6}},"21":{"start":{"line":62,"column":4},"end":{"line":62,"column":21}},"22":{"start":{"line":66,"column":19},"end":{"line":66,"column":28}},"23":{"start":{"line":67,"column":19},"end":{"line":71,"column":6}},"24":{"start":{"line":72,"column":4},"end":{"line":72,"column":21}},"25":{"start":{"line":76,"column":19},"end":{"line":76,"column":53}},"26":{"start":{"line":77,"column":4},"end":{"line":77,"column":21}}},"fnMap":{"0":{"name":"getAllGroups","decl":{"start":{"line":15,"column":15},"end":{"line":15,"column":27}},"loc":{"start":{"line":15,"column":38},"end":{"line":18,"column":1}},"line":15},"1":{"name":"getGroupPerId","decl":{"start":{"line":20,"column":15},"end":{"line":20,"column":28}},"loc":{"start":{"line":20,"column":39},"end":{"line":28,"column":1}},"line":20},"2":{"name":"createNewGroup","decl":{"start":{"line":30,"column":15},"end":{"line":30,"column":29}},"loc":{"start":{"line":30,"column":41},"end":{"line":50,"column":1}},"line":30},"3":{"name":"editGroupPerId","decl":{"start":{"line":52,"column":15},"end":{"line":52,"column":29}},"loc":{"start":{"line":52,"column":40},"end":{"line":63,"column":1}},"line":52},"4":{"name":"deleteGroupPerId","decl":{"start":{"line":65,"column":15},"end":{"line":65,"column":31}},"loc":{"start":{"line":65,"column":42},"end":{"line":73,"column":1}},"line":65},"5":{"name":"deleteAllGroups","decl":{"start":{"line":75,"column":15},"end":{"line":75,"column":30}},"loc":{"start":{"line":75,"column":41},"end":{"line":78,"column":1}},"line":75}},"branchMap":{"0":{"loc":{"start":{"line":32,"column":4},"end":{"line":49,"column":5}},"type":"if","locations":[{"start":{"line":32,"column":4},"end":{"line":49,"column":5}},{"start":{"line":47,"column":11},"end":{"line":49,"column":5}}],"line":32},"1":{"loc":{"start":{"line":32,"column":7},"end":{"line":32,"column":28}},"type":"binary-expr","locations":[{"start":{"line":32,"column":7},"end":{"line":32,"column":18}},{"start":{"line":32,"column":22},"end":{"line":32,"column":28}}],"line":32}},"s":{"0":1,"1":1,"2":1,"3":1,"4":1,"5":1,"6":1,"7":1,"8":0,"9":0,"10":0,"11":0,"12":0,"13":0,"14":0,"15":0,"16":0,"17":0,"18":0,"19":0,"20":0,"21":0,"22":0,"23":0,"24":0,"25":0,"26":0},"f":{"0":0,"1":0,"2":0,"3":0,"4":0,"5":0},"b":{"0":[0,0],"1":[0,0]},"_coverageSchema":"1a1c01bbd47fc00a2c39e90264f33305004495a9","hash":"6829703c2b664b81a9c22aad6a49253b7a1ccfb3"}
,"C:\\Users\\adsomos\\Documents\\GitHub\\mulberry\\src\\routes\\Inventory.ts": {"path":"C:\\Users\\adsomos\\Documents\\GitHub\\mulberry\\src\\routes\\Inventory.ts","statementMap":{"0":{"start":{"line":4,"column":15},"end":{"line":4,"column":31}},"1":{"start":{"line":5,"column":15},"end":{"line":5,"column":33}}},"fnMap":{},"branchMap":{},"s":{"0":1,"1":1},"f":{},"b":{},"_coverageSchema":"1a1c01bbd47fc00a2c39e90264f33305004495a9","hash":"1ebda63f30995066e80563771571a398284c82bc"}
,"C:\\Users\\adsomos\\Documents\\GitHub\\mulberry\\src\\routes\\Items.ts": {"path":"C:\\Users\\adsomos\\Documents\\GitHub\\mulberry\\src\\routes\\Items.ts","statementMap":{"0":{"start":{"line":4,"column":15},"end":{"line":4,"column":31}},"1":{"start":{"line":5,"column":15},"end":{"line":5,"column":33}},"2":{"start":{"line":7,"column":0},"end":{"line":7,"column":34}},"3":{"start":{"line":8,"column":0},"end":{"line":8,"column":32}},"4":{"start":{"line":9,"column":0},"end":{"line":9,"column":31}},"5":{"start":{"line":10,"column":0},"end":{"line":10,"column":36}},"6":{"start":{"line":13,"column":31},"end":{"line":13,"column":39}},"7":{"start":{"line":14,"column":4},"end":{"line":27,"column":5}},"8":{"start":{"line":15,"column":23},"end":{"line":17,"column":10}},"9":{"start":{"line":18,"column":8},"end":{"line":18,"column":25}},"10":{"start":{"line":19,"column":11},"end":{"line":27,"column":5}},"11":{"start":{"line":20,"column":23},"end":{"line":22,"column":10}},"12":{"start":{"line":23,"column":8},"end":{"line":23,"column":25}},"13":{"start":{"line":25,"column":23},"end":{"line":25,"column":52}},"14":{"start":{"line":26,"column":8},"end":{"line":26,"column":25}},"15":{"start":{"line":49,"column":73},"end":{"line":49,"column":81}},"16":{"start":{"line":50,"column":4},"end":{"line":67,"column":5}},"17":{"start":{"line":51,"column":21},"end":{"line":53,"column":10}},"18":{"start":{"line":54,"column":23},"end":{"line":63,"column":10}},"19":{"start":{"line":64,"column":8},"end":{"line":64,"column":25}},"20":{"start":{"line":66,"column":8},"end":{"line":66,"column":28}},"21":{"start":{"line":71,"column":19},"end":{"line":71,"column":27}},"22":{"start":{"line":72,"column":4},"end":{"line":79,"column":5}},"23":{"start":{"line":73,"column":23},"end":{"line":75,"column":10}},"24":{"start":{"line":76,"column":8},"end":{"line":76,"column":25}},"25":{"start":{"line":78,"column":8},"end":{"line":78,"column":28}}},"fnMap":{"0":{"name":"getItemPerNoteId","decl":{"start":{"line":12,"column":15},"end":{"line":12,"column":31}},"loc":{"start":{"line":12,"column":42},"end":{"line":28,"column":1}},"line":12},"1":{"name":"createNewItem","decl":{"start":{"line":30,"column":15},"end":{"line":30,"column":28}},"loc":{"start":{"line":30,"column":39},"end":{"line":46,"column":1}},"line":30},"2":{"name":"editItemPerId","decl":{"start":{"line":48,"column":15},"end":{"line":48,"column":28}},"loc":{"start":{"line":48,"column":39},"end":{"line":68,"column":1}},"line":48},"3":{"name":"deleteItemPerId","decl":{"start":{"line":70,"column":15},"end":{"line":70,"column":30}},"loc":{"start":{"line":70,"column":41},"end":{"line":80,"column":1}},"line":70}},"branchMap":{"0":{"loc":{"start":{"line":14,"column":4},"end":{"line":27,"column":5}},"type":"if","locations":[{"start":{"line":14,"column":4},"end":{"line":27,"column":5}},{"start":{"line":19,"column":11},"end":{"line":27,"column":5}}],"line":14},"1":{"loc":{"start":{"line":19,"column":11},"end":{"line":27,"column":5}},"type":"if","locations":[{"start":{"line":19,"column":11},"end":{"line":27,"column":5}},{"start":{"line":24,"column":11},"end":{"line":27,"column":5}}],"line":19},"2":{"loc":{"start":{"line":50,"column":4},"end":{"line":67,"column":5}},"type":"if","locations":[{"start":{"line":50,"column":4},"end":{"line":67,"column":5}},{"start":{"line":65,"column":11},"end":{"line":67,"column":5}}],"line":50},"3":{"loc":{"start":{"line":57,"column":28},"end":{"line":57,"column":77}},"type":"cond-expr","locations":[{"start":{"line":57,"column":41},"end":{"line":57,"column":59}},{"start":{"line":57,"column":62},"end":{"line":57,"column":77}}],"line":57},"4":{"loc":{"start":{"line":58,"column":27},"end":{"line":58,"column":73}},"type":"cond-expr","locations":[{"start":{"line":58,"column":39},"end":{"line":58,"column":56}},{"start":{"line":58,"column":59},"end":{"line":58,"column":73}}],"line":58},"5":{"loc":{"start":{"line":59,"column":30},"end":{"line":59,"column":85}},"type":"cond-expr","locations":[{"start":{"line":59,"column":45},"end":{"line":59,"column":65}},{"start":{"line":59,"column":68},"end":{"line":59,"column":85}}],"line":59},"6":{"loc":{"start":{"line":60,"column":26},"end":{"line":60,"column":69}},"type":"cond-expr","locations":[{"start":{"line":60,"column":37},"end":{"line":60,"column":53}},{"start":{"line":60,"column":56},"end":{"line":60,"column":69}}],"line":60},"7":{"loc":{"start":{"line":61,"column":23},"end":{"line":61,"column":57}},"type":"cond-expr","locations":[{"start":{"line":61,"column":31},"end":{"line":61,"column":44}},{"start":{"line":61,"column":47},"end":{"line":61,"column":57}}],"line":61},"8":{"loc":{"start":{"line":72,"column":4},"end":{"line":79,"column":5}},"type":"if","locations":[{"start":{"line":72,"column":4},"end":{"line":79,"column":5}},{"start":{"line":77,"column":11},"end":{"line":79,"column":5}}],"line":72}},"s":{"0":1,"1":1,"2":1,"3":1,"4":1,"5":1,"6":0,"7":0,"8":0,"9":0,"10":0,"11":0,"12":0,"13":0,"14":0,"15":0,"16":0,"17":0,"18":0,"19":0,"20":0,"21":0,"22":0,"23":0,"24":0,"25":0},"f":{"0":0,"1":0,"2":0,"3":0},"b":{"0":[0,0],"1":[0,0],"2":[0,0],"3":[0,0],"4":[0,0],"5":[0,0],"6":[0,0],"7":[0,0],"8":[0,0]},"_coverageSchema":"1a1c01bbd47fc00a2c39e90264f33305004495a9","hash":"f26f493cf7685b2a024af620f27ddb0a2a93a2d2"}
,"C:\\Users\\adsomos\\Documents\\GitHub\\mulberry\\src\\routes\\Logs.ts": {"path":"C:\\Users\\adsomos\\Documents\\GitHub\\mulberry\\src\\routes\\Logs.ts","statementMap":{"0":{"start":{"line":4,"column":15},"end":{"line":4,"column":31}},"1":{"start":{"line":5,"column":15},"end":{"line":5,"column":33}},"2":{"start":{"line":7,"column":0},"end":{"line":7,"column":28}},"3":{"start":{"line":8,"column":0},"end":{"line":8,"column":32}},"4":{"start":{"line":9,"column":0},"end":{"line":9,"column":31}},"5":{"start":{"line":10,"column":0},"end":{"line":10,"column":30}},"6":{"start":{"line":11,"column":0},"end":{"line":11,"column":35}},"7":{"start":{"line":12,"column":0},"end":{"line":12,"column":37}},"8":{"start":{"line":15,"column":19},"end":{"line":19,"column":6}},"9":{"start":{"line":20,"column":4},"end":{"line":20,"column":21}},"10":{"start":{"line":28,"column":42},"end":{"line":28,"column":50}},"11":{"start":{"line":29,"column":4},"end":{"line":40,"column":5}},"12":{"start":{"line":30,"column":23},"end":{"line":36,"column":10}},"13":{"start":{"line":37,"column":8},"end":{"line":37,"column":25}},"14":{"start":{"line":39,"column":8},"end":{"line":39,"column":28}},"15":{"start":{"line":45,"column":4},"end":{"line":45,"column":24}},"16":{"start":{"line":50,"column":4},"end":{"line":50,"column":24}},"17":{"start":{"line":54,"column":19},"end":{"line":54,"column":51}},"18":{"start":{"line":55,"column":4},"end":{"line":55,"column":21}}},"fnMap":{"0":{"name":"getAllLogs","decl":{"start":{"line":14,"column":15},"end":{"line":14,"column":25}},"loc":{"start":{"line":14,"column":36},"end":{"line":21,"column":1}},"line":14},"1":{"name":"getLogPerId","decl":{"start":{"line":23,"column":15},"end":{"line":23,"column":26}},"loc":{"start":{"line":23,"column":37},"end":{"line":25,"column":1}},"line":23},"2":{"name":"createNewLog","decl":{"start":{"line":27,"column":15},"end":{"line":27,"column":27}},"loc":{"start":{"line":27,"column":39},"end":{"line":41,"column":1}},"line":27},"3":{"name":"editLogPerId","decl":{"start":{"line":43,"column":15},"end":{"line":43,"column":27}},"loc":{"start":{"line":43,"column":38},"end":{"line":46,"column":1}},"line":43},"4":{"name":"deleteLogPerId","decl":{"start":{"line":48,"column":15},"end":{"line":48,"column":29}},"loc":{"start":{"line":48,"column":40},"end":{"line":51,"column":1}},"line":48},"5":{"name":"deleteAllLogs","decl":{"start":{"line":53,"column":15},"end":{"line":53,"column":28}},"loc":{"start":{"line":53,"column":39},"end":{"line":56,"column":1}},"line":53}},"branchMap":{"0":{"loc":{"start":{"line":29,"column":4},"end":{"line":40,"column":5}},"type":"if","locations":[{"start":{"line":29,"column":4},"end":{"line":40,"column":5}},{"start":{"line":38,"column":11},"end":{"line":40,"column":5}}],"line":29},"1":{"loc":{"start":{"line":29,"column":8},"end":{"line":29,"column":37}},"type":"binary-expr","locations":[{"start":{"line":29,"column":8},"end":{"line":29,"column":14}},{"start":{"line":29,"column":18},"end":{"line":29,"column":22}},{"start":{"line":29,"column":26},"end":{"line":29,"column":37}}],"line":29}},"s":{"0":1,"1":1,"2":1,"3":1,"4":1,"5":1,"6":1,"7":1,"8":0,"9":0,"10":0,"11":0,"12":0,"13":0,"14":0,"15":0,"16":0,"17":0,"18":0},"f":{"0":0,"1":0,"2":0,"3":0,"4":0,"5":0},"b":{"0":[0,0],"1":[0,0,0]},"_coverageSchema":"1a1c01bbd47fc00a2c39e90264f33305004495a9","hash":"daacdf5b54726c2eb547b10d1d27fd6c53dc89da"}
,"C:\\Users\\adsomos\\Documents\\GitHub\\mulberry\\src\\routes\\Measurements.ts": {"path":"C:\\Users\\adsomos\\Documents\\GitHub\\mulberry\\src\\routes\\Measurements.ts","statementMap":{"0":{"start":{"line":5,"column":15},"end":{"line":5,"column":31}},"1":{"start":{"line":6,"column":15},"end":{"line":6,"column":33}},"2":{"start":{"line":8,"column":0},"end":{"line":8,"column":36}},"3":{"start":{"line":9,"column":0},"end":{"line":9,"column":40}},"4":{"start":{"line":10,"column":0},"end":{"line":10,"column":40}},"5":{"start":{"line":11,"column":0},"end":{"line":11,"column":39}},"6":{"start":{"line":12,"column":0},"end":{"line":12,"column":43}},"7":{"start":{"line":15,"column":25},"end":{"line":15,"column":61}},"8":{"start":{"line":16,"column":4},"end":{"line":16,"column":27}},"9":{"start":{"line":20,"column":15},"end":{"line":20,"column":28}},"10":{"start":{"line":21,"column":25},"end":{"line":25,"column":6}},"11":{"start":{"line":26,"column":4},"end":{"line":26,"column":26}},"12":{"start":{"line":30,"column":46},"end":{"line":30,"column":54}},"13":{"start":{"line":31,"column":4},"end":{"line":51,"column":5}},"14":{"start":{"line":32,"column":8},"end":{"line":50,"column":9}},"15":{"start":{"line":33,"column":33},"end":{"line":38,"column":14}},"16":{"start":{"line":39,"column":27},"end":{"line":46,"column":13}},"17":{"start":{"line":47,"column":12},"end":{"line":47,"column":29}},"18":{"start":{"line":49,"column":12},"end":{"line":49,"column":25}},"19":{"start":{"line":55,"column":42},"end":{"line":55,"column":50}},"20":{"start":{"line":56,"column":19},"end":{"line":63,"column":6}},"21":{"start":{"line":64,"column":4},"end":{"line":64,"column":21}},"22":{"start":{"line":68,"column":19},"end":{"line":68,"column":28}},"23":{"start":{"line":69,"column":19},"end":{"line":73,"column":6}},"24":{"start":{"line":74,"column":4},"end":{"line":74,"column":21}}},"fnMap":{"0":{"name":"getAllMeasurements","decl":{"start":{"line":14,"column":15},"end":{"line":14,"column":33}},"loc":{"start":{"line":14,"column":45},"end":{"line":17,"column":1}},"line":14},"1":{"name":"getMeasurementPerId","decl":{"start":{"line":19,"column":15},"end":{"line":19,"column":34}},"loc":{"start":{"line":19,"column":46},"end":{"line":27,"column":1}},"line":19},"2":{"name":"createNewMeasurements","decl":{"start":{"line":29,"column":15},"end":{"line":29,"column":36}},"loc":{"start":{"line":29,"column":48},"end":{"line":52,"column":1}},"line":29},"3":{"name":"editMeasurementsPerId","decl":{"start":{"line":54,"column":15},"end":{"line":54,"column":36}},"loc":{"start":{"line":54,"column":47},"end":{"line":65,"column":1}},"line":54},"4":{"name":"deleteMeasurementPerId","decl":{"start":{"line":67,"column":15},"end":{"line":67,"column":37}},"loc":{"start":{"line":67,"column":49},"end":{"line":75,"column":1}},"line":67}},"branchMap":{"0":{"loc":{"start":{"line":31,"column":4},"end":{"line":51,"column":5}},"type":"if","locations":[{"start":{"line":31,"column":4},"end":{"line":51,"column":5}},{"start":{},"end":{}}],"line":31},"1":{"loc":{"start":{"line":31,"column":7},"end":{"line":31,"column":28}},"type":"binary-expr","locations":[{"start":{"line":31,"column":7},"end":{"line":31,"column":18}},{"start":{"line":31,"column":22},"end":{"line":31,"column":28}}],"line":31}},"s":{"0":1,"1":1,"2":1,"3":1,"4":1,"5":1,"6":1,"7":0,"8":0,"9":0,"10":0,"11":0,"12":0,"13":0,"14":0,"15":0,"16":0,"17":0,"18":0,"19":0,"20":0,"21":0,"22":0,"23":0,"24":0},"f":{"0":0,"1":0,"2":0,"3":0,"4":0},"b":{"0":[0,0],"1":[0,0]},"_coverageSchema":"1a1c01bbd47fc00a2c39e90264f33305004495a9","hash":"cc49e1edde4de784fbb576960bc19a404a4cd414"}
,"C:\\Users\\adsomos\\Documents\\GitHub\\mulberry\\src\\routes\\Products.ts": {"path":"C:\\Users\\adsomos\\Documents\\GitHub\\mulberry\\src\\routes\\Products.ts","statementMap":{"0":{"start":{"line":5,"column":15},"end":{"line":5,"column":31}},"1":{"start":{"line":6,"column":15},"end":{"line":6,"column":33}},"2":{"start":{"line":8,"column":0},"end":{"line":8,"column":32}},"3":{"start":{"line":9,"column":0},"end":{"line":9,"column":36}},"4":{"start":{"line":10,"column":0},"end":{"line":10,"column":35}},"5":{"start":{"line":11,"column":0},"end":{"line":11,"column":34}},"6":{"start":{"line":12,"column":0},"end":{"line":12,"column":42}},"7":{"start":{"line":15,"column":21},"end":{"line":15,"column":53}},"8":{"start":{"line":16,"column":4},"end":{"line":16,"column":23}},"9":{"start":{"line":20,"column":15},"end":{"line":20,"column":28}},"10":{"start":{"line":21,"column":20},"end":{"line":39,"column":6}},"11":{"start":{"line":40,"column":4},"end":{"line":40,"column":22}},"12":{"start":{"line":45,"column":8},"end":{"line":45,"column":16}},"13":{"start":{"line":46,"column":20},"end":{"line":60,"column":6}},"14":{"start":{"line":61,"column":19},"end":{"line":68,"column":5}},"15":{"start":{"line":69,"column":4},"end":{"line":69,"column":21}},"16":{"start":{"line":82,"column":8},"end":{"line":82,"column":16}},"17":{"start":{"line":83,"column":23},"end":{"line":87,"column":6}},"18":{"start":{"line":88,"column":20},"end":{"line":105,"column":6}},"19":{"start":{"line":106,"column":19},"end":{"line":113,"column":5}},"20":{"start":{"line":114,"column":4},"end":{"line":114,"column":21}},"21":{"start":{"line":118,"column":15},"end":{"line":118,"column":28}},"22":{"start":{"line":119,"column":20},"end":{"line":123,"column":6}},"23":{"start":{"line":124,"column":19},"end":{"line":131,"column":5}},"24":{"start":{"line":132,"column":4},"end":{"line":132,"column":21}}},"fnMap":{"0":{"name":"getAllProducts","decl":{"start":{"line":14,"column":15},"end":{"line":14,"column":29}},"loc":{"start":{"line":14,"column":41},"end":{"line":17,"column":1}},"line":14},"1":{"name":"getProductPerId","decl":{"start":{"line":19,"column":15},"end":{"line":19,"column":30}},"loc":{"start":{"line":19,"column":42},"end":{"line":41,"column":1}},"line":19},"2":{"name":"createNewProduct","decl":{"start":{"line":43,"column":15},"end":{"line":43,"column":31}},"loc":{"start":{"line":43,"column":43},"end":{"line":70,"column":1}},"line":43},"3":{"name":"editProductPerId","decl":{"start":{"line":72,"column":15},"end":{"line":72,"column":31}},"loc":{"start":{"line":72,"column":43},"end":{"line":115,"column":1}},"line":72},"4":{"name":"deleteProductPerId","decl":{"start":{"line":117,"column":15},"end":{"line":117,"column":33}},"loc":{"start":{"line":117,"column":45},"end":{"line":133,"column":1}},"line":117}},"branchMap":{},"s":{"0":1,"1":1,"2":1,"3":1,"4":1,"5":1,"6":1,"7":0,"8":0,"9":0,"10":0,"11":0,"12":0,"13":0,"14":0,"15":0,"16":0,"17":0,"18":0,"19":0,"20":0,"21":0,"22":0,"23":0,"24":0},"f":{"0":0,"1":0,"2":0,"3":0,"4":0},"b":{},"_coverageSchema":"1a1c01bbd47fc00a2c39e90264f33305004495a9","hash":"3ea81e188720c2d0e0f3fd244895e5c6dac6202a"}
,"C:\\Users\\adsomos\\Documents\\GitHub\\mulberry\\src\\routes\\Sellers.ts": {"path":"C:\\Users\\adsomos\\Documents\\GitHub\\mulberry\\src\\routes\\Sellers.ts","statementMap":{"0":{"start":{"line":4,"column":15},"end":{"line":4,"column":31}},"1":{"start":{"line":5,"column":15},"end":{"line":5,"column":33}},"2":{"start":{"line":7,"column":0},"end":{"line":7,"column":31}},"3":{"start":{"line":8,"column":0},"end":{"line":8,"column":35}},"4":{"start":{"line":9,"column":0},"end":{"line":9,"column":34}},"5":{"start":{"line":10,"column":0},"end":{"line":10,"column":33}},"6":{"start":{"line":11,"column":0},"end":{"line":11,"column":38}},"7":{"start":{"line":14,"column":4},"end":{"line":19,"column":5}},"8":{"start":{"line":15,"column":23},"end":{"line":15,"column":54}},"9":{"start":{"line":16,"column":8},"end":{"line":16,"column":25}},"10":{"start":{"line":18,"column":8},"end":{"line":18,"column":33}},"11":{"start":{"line":23,"column":15},"end":{"line":23,"column":28}},"12":{"start":{"line":24,"column":4},"end":{"line":35,"column":5}},"13":{"start":{"line":25,"column":8},"end":{"line":32,"column":9}},"14":{"start":{"line":26,"column":27},"end":{"line":28,"column":14}},"15":{"start":{"line":29,"column":12},"end":{"line":29,"column":29}},"16":{"start":{"line":31,"column":12},"end":{"line":31,"column":44}},"17":{"start":{"line":34,"column":8},"end":{"line":34,"column":33}},"18":{"start":{"line":40,"column":36},"end":{"line":40,"column":44}},"19":{"start":{"line":41,"column":4},"end":{"line":55,"column":5}},"20":{"start":{"line":42,"column":8},"end":{"line":52,"column":9}},"21":{"start":{"line":43,"column":27},"end":{"line":48,"column":14}},"22":{"start":{"line":49,"column":12},"end":{"line":49,"column":29}},"23":{"start":{"line":51,"column":12},"end":{"line":51,"column":32}},"24":{"start":{"line":54,"column":8},"end":{"line":54,"column":33}},"25":{"start":{"line":60,"column":36},"end":{"line":60,"column":44}},"26":{"start":{"line":61,"column":4},"end":{"line":75,"column":5}},"27":{"start":{"line":62,"column":23},"end":{"line":64,"column":10}},"28":{"start":{"line":65,"column":23},"end":{"line":71,"column":10}},"29":{"start":{"line":72,"column":8},"end":{"line":72,"column":25}},"30":{"start":{"line":74,"column":8},"end":{"line":74,"column":28}},"31":{"start":{"line":79,"column":19},"end":{"line":79,"column":27}},"32":{"start":{"line":80,"column":4},"end":{"line":87,"column":5}},"33":{"start":{"line":81,"column":23},"end":{"line":83,"column":10}},"34":{"start":{"line":84,"column":8},"end":{"line":84,"column":25}},"35":{"start":{"line":86,"column":8},"end":{"line":86,"column":28}}},"fnMap":{"0":{"name":"getAllSellers","decl":{"start":{"line":13,"column":15},"end":{"line":13,"column":28}},"loc":{"start":{"line":13,"column":40},"end":{"line":20,"column":1}},"line":13},"1":{"name":"getSellerPerId","decl":{"start":{"line":22,"column":15},"end":{"line":22,"column":29}},"loc":{"start":{"line":22,"column":41},"end":{"line":37,"column":1}},"line":22},"2":{"name":"createNewSeller","decl":{"start":{"line":39,"column":16},"end":{"line":39,"column":31}},"loc":{"start":{"line":39,"column":42},"end":{"line":57,"column":1}},"line":39},"3":{"name":"editSellerPerId","decl":{"start":{"line":59,"column":15},"end":{"line":59,"column":30}},"loc":{"start":{"line":59,"column":41},"end":{"line":76,"column":1}},"line":59},"4":{"name":"deleteSellerPerId","decl":{"start":{"line":78,"column":15},"end":{"line":78,"column":32}},"loc":{"start":{"line":78,"column":43},"end":{"line":88,"column":1}},"line":78}},"branchMap":{"0":{"loc":{"start":{"line":25,"column":8},"end":{"line":32,"column":9}},"type":"if","locations":[{"start":{"line":25,"column":8},"end":{"line":32,"column":9}},{"start":{"line":30,"column":15},"end":{"line":32,"column":9}}],"line":25},"1":{"loc":{"start":{"line":42,"column":8},"end":{"line":52,"column":9}},"type":"if","locations":[{"start":{"line":42,"column":8},"end":{"line":52,"column":9}},{"start":{"line":50,"column":15},"end":{"line":52,"column":9}}],"line":42},"2":{"loc":{"start":{"line":42,"column":12},"end":{"line":42,"column":35}},"type":"binary-expr","locations":[{"start":{"line":42,"column":12},"end":{"line":42,"column":14}},{"start":{"line":42,"column":18},"end":{"line":42,"column":22}},{"start":{"line":42,"column":26},"end":{"line":42,"column":35}}],"line":42},"3":{"loc":{"start":{"line":61,"column":4},"end":{"line":75,"column":5}},"type":"if","locations":[{"start":{"line":61,"column":4},"end":{"line":75,"column":5}},{"start":{"line":73,"column":11},"end":{"line":75,"column":5}}],"line":61},"4":{"loc":{"start":{"line":68,"column":22},"end":{"line":68,"column":55}},"type":"cond-expr","locations":[{"start":{"line":68,"column":29},"end":{"line":68,"column":41}},{"start":{"line":68,"column":44},"end":{"line":68,"column":55}}],"line":68},"5":{"loc":{"start":{"line":69,"column":27},"end":{"line":69,"column":75}},"type":"cond-expr","locations":[{"start":{"line":69,"column":39},"end":{"line":69,"column":56}},{"start":{"line":69,"column":59},"end":{"line":69,"column":75}}],"line":69},"6":{"loc":{"start":{"line":80,"column":4},"end":{"line":87,"column":5}},"type":"if","locations":[{"start":{"line":80,"column":4},"end":{"line":87,"column":5}},{"start":{"line":85,"column":11},"end":{"line":87,"column":5}}],"line":80}},"s":{"0":1,"1":1,"2":1,"3":1,"4":1,"5":1,"6":1,"7":0,"8":0,"9":0,"10":0,"11":0,"12":0,"13":0,"14":0,"15":0,"16":0,"17":0,"18":0,"19":0,"20":0,"21":0,"22":0,"23":0,"24":0,"25":0,"26":0,"27":0,"28":0,"29":0,"30":0,"31":0,"32":0,"33":0,"34":0,"35":0},"f":{"0":0,"1":0,"2":0,"3":0,"4":0},"b":{"0":[0,0],"1":[0,0],"2":[0,0,0],"3":[0,0],"4":[0,0],"5":[0,0],"6":[0,0]},"_coverageSchema":"1a1c01bbd47fc00a2c39e90264f33305004495a9","hash":"b44713a6e8c5778bebdc4019f164fb836bb20294"}
,"C:\\Users\\adsomos\\Documents\\GitHub\\mulberry\\src\\routes\\Sells.ts": {"path":"C:\\Users\\adsomos\\Documents\\GitHub\\mulberry\\src\\routes\\Sells.ts","statementMap":{"0":{"start":{"line":4,"column":15},"end":{"line":4,"column":31}},"1":{"start":{"line":5,"column":15},"end":{"line":5,"column":33}},"2":{"start":{"line":7,"column":0},"end":{"line":7,"column":28}},"3":{"start":{"line":8,"column":0},"end":{"line":8,"column":32}},"4":{"start":{"line":9,"column":0},"end":{"line":9,"column":32}},"5":{"start":{"line":10,"column":0},"end":{"line":10,"column":31}},"6":{"start":{"line":11,"column":0},"end":{"line":11,"column":36}},"7":{"start":{"line":14,"column":19},"end":{"line":14,"column":48}},"8":{"start":{"line":15,"column":4},"end":{"line":15,"column":21}},"9":{"start":{"line":32,"column":8},"end":{"line":32,"column":16}},"10":{"start":{"line":33,"column":4},"end":{"line":49,"column":5}},"11":{"start":{"line":34,"column":23},"end":{"line":45,"column":10}},"12":{"start":{"line":46,"column":8},"end":{"line":46,"column":25}},"13":{"start":{"line":48,"column":8},"end":{"line":48,"column":28}},"14":{"start":{"line":62,"column":8},"end":{"line":62,"column":16}},"15":{"start":{"line":63,"column":4},"end":{"line":82,"column":5}},"16":{"start":{"line":64,"column":21},"end":{"line":66,"column":10}},"17":{"start":{"line":67,"column":23},"end":{"line":78,"column":10}},"18":{"start":{"line":79,"column":8},"end":{"line":79,"column":25}},"19":{"start":{"line":81,"column":8},"end":{"line":81,"column":28}},"20":{"start":{"line":86,"column":27},"end":{"line":86,"column":35}},"21":{"start":{"line":87,"column":4},"end":{"line":94,"column":5}},"22":{"start":{"line":88,"column":23},"end":{"line":90,"column":10}},"23":{"start":{"line":91,"column":8},"end":{"line":91,"column":25}},"24":{"start":{"line":93,"column":8},"end":{"line":93,"column":28}}},"fnMap":{"0":{"name":"getAllSells","decl":{"start":{"line":13,"column":15},"end":{"line":13,"column":26}},"loc":{"start":{"line":13,"column":37},"end":{"line":16,"column":1}},"line":13},"1":{"name":"getSellPerId","decl":{"start":{"line":18,"column":15},"end":{"line":18,"column":27}},"loc":{"start":{"line":18,"column":38},"end":{"line":20,"column":1}},"line":18},"2":{"name":"createNewSell","decl":{"start":{"line":22,"column":15},"end":{"line":22,"column":28}},"loc":{"start":{"line":22,"column":39},"end":{"line":50,"column":1}},"line":22},"3":{"name":"editSellPerId","decl":{"start":{"line":52,"column":15},"end":{"line":52,"column":28}},"loc":{"start":{"line":52,"column":39},"end":{"line":83,"column":1}},"line":52},"4":{"name":"deleteSellPerId","decl":{"start":{"line":85,"column":15},"end":{"line":85,"column":30}},"loc":{"start":{"line":85,"column":41},"end":{"line":95,"column":1}},"line":85}},"branchMap":{"0":{"loc":{"start":{"line":33,"column":4},"end":{"line":49,"column":5}},"type":"if","locations":[{"start":{"line":33,"column":4},"end":{"line":49,"column":5}},{"start":{"line":47,"column":11},"end":{"line":49,"column":5}}],"line":33},"1":{"loc":{"start":{"line":33,"column":8},"end":{"line":33,"column":42}},"type":"binary-expr","locations":[{"start":{"line":33,"column":8},"end":{"line":33,"column":18}},{"start":{"line":33,"column":22},"end":{"line":33,"column":30}},{"start":{"line":33,"column":34},"end":{"line":33,"column":42}}],"line":33},"2":{"loc":{"start":{"line":37,"column":26},"end":{"line":37,"column":67}},"type":"cond-expr","locations":[{"start":{"line":37,"column":37},"end":{"line":37,"column":45}},{"start":{"line":37,"column":48},"end":{"line":37,"column":67}}],"line":37},"3":{"loc":{"start":{"line":40,"column":28},"end":{"line":40,"column":63}},"type":"cond-expr","locations":[{"start":{"line":40,"column":41},"end":{"line":40,"column":59}},{"start":{"line":40,"column":62},"end":{"line":40,"column":63}}],"line":40},"4":{"loc":{"start":{"line":41,"column":26},"end":{"line":41,"column":57}},"type":"cond-expr","locations":[{"start":{"line":41,"column":37},"end":{"line":41,"column":53}},{"start":{"line":41,"column":56},"end":{"line":41,"column":57}}],"line":41},"5":{"loc":{"start":{"line":42,"column":25},"end":{"line":42,"column":54}},"type":"cond-expr","locations":[{"start":{"line":42,"column":35},"end":{"line":42,"column":50}},{"start":{"line":42,"column":53},"end":{"line":42,"column":54}}],"line":42},"6":{"loc":{"start":{"line":43,"column":23},"end":{"line":43,"column":48}},"type":"cond-expr","locations":[{"start":{"line":43,"column":31},"end":{"line":43,"column":44}},{"start":{"line":43,"column":47},"end":{"line":43,"column":48}}],"line":43},"7":{"loc":{"start":{"line":63,"column":4},"end":{"line":82,"column":5}},"type":"if","locations":[{"start":{"line":63,"column":4},"end":{"line":82,"column":5}},{"start":{"line":80,"column":11},"end":{"line":82,"column":5}}],"line":63},"8":{"loc":{"start":{"line":70,"column":26},"end":{"line":70,"column":61}},"type":"cond-expr","locations":[{"start":{"line":70,"column":37},"end":{"line":70,"column":45}},{"start":{"line":70,"column":48},"end":{"line":70,"column":61}}],"line":70},"9":{"loc":{"start":{"line":71,"column":26},"end":{"line":71,"column":69}},"type":"cond-expr","locations":[{"start":{"line":71,"column":37},"end":{"line":71,"column":53}},{"start":{"line":71,"column":56},"end":{"line":71,"column":69}}],"line":71},"10":{"loc":{"start":{"line":72,"column":26},"end":{"line":72,"column":68}},"type":"cond-expr","locations":[{"start":{"line":72,"column":37},"end":{"line":72,"column":53}},{"start":{"line":72,"column":55},"end":{"line":72,"column":68}}],"line":72},"11":{"loc":{"start":{"line":73,"column":28},"end":{"line":73,"column":77}},"type":"cond-expr","locations":[{"start":{"line":73,"column":41},"end":{"line":73,"column":59}},{"start":{"line":73,"column":62},"end":{"line":73,"column":77}}],"line":73},"12":{"loc":{"start":{"line":74,"column":26},"end":{"line":74,"column":69}},"type":"cond-expr","locations":[{"start":{"line":74,"column":37},"end":{"line":74,"column":53}},{"start":{"line":74,"column":56},"end":{"line":74,"column":69}}],"line":74},"13":{"loc":{"start":{"line":75,"column":25},"end":{"line":75,"column":65}},"type":"cond-expr","locations":[{"start":{"line":75,"column":35},"end":{"line":75,"column":50}},{"start":{"line":75,"column":53},"end":{"line":75,"column":65}}],"line":75},"14":{"loc":{"start":{"line":76,"column":23},"end":{"line":76,"column":57}},"type":"cond-expr","locations":[{"start":{"line":76,"column":31},"end":{"line":76,"column":44}},{"start":{"line":76,"column":47},"end":{"line":76,"column":57}}],"line":76},"15":{"loc":{"start":{"line":87,"column":4},"end":{"line":94,"column":5}},"type":"if","locations":[{"start":{"line":87,"column":4},"end":{"line":94,"column":5}},{"start":{"line":92,"column":11},"end":{"line":94,"column":5}}],"line":87}},"s":{"0":1,"1":1,"2":1,"3":1,"4":1,"5":1,"6":1,"7":0,"8":0,"9":0,"10":0,"11":0,"12":0,"13":0,"14":0,"15":0,"16":0,"17":0,"18":0,"19":0,"20":0,"21":0,"22":0,"23":0,"24":0},"f":{"0":0,"1":0,"2":0,"3":0,"4":0},"b":{"0":[0,0],"1":[0,0,0],"2":[0,0],"3":[0,0],"4":[0,0],"5":[0,0],"6":[0,0],"7":[0,0],"8":[0,0],"9":[0,0],"10":[0,0],"11":[0,0],"12":[0,0],"13":[0,0],"14":[0,0],"15":[0,0]},"_coverageSchema":"1a1c01bbd47fc00a2c39e90264f33305004495a9","hash":"525fc08769e90db2e411ae1004ddf91ef869d69d"}
,"C:\\Users\\adsomos\\Documents\\GitHub\\mulberry\\src\\routes\\States.ts": {"path":"C:\\Users\\adsomos\\Documents\\GitHub\\mulberry\\src\\routes\\States.ts","statementMap":{"0":{"start":{"line":4,"column":15},"end":{"line":4,"column":31}},"1":{"start":{"line":5,"column":15},"end":{"line":5,"column":33}},"2":{"start":{"line":7,"column":0},"end":{"line":7,"column":30}},"3":{"start":{"line":8,"column":0},"end":{"line":8,"column":36}},"4":{"start":{"line":9,"column":0},"end":{"line":9,"column":33}},"5":{"start":{"line":10,"column":0},"end":{"line":10,"column":34}},"6":{"start":{"line":11,"column":0},"end":{"line":11,"column":39}},"7":{"start":{"line":14,"column":21},"end":{"line":14,"column":29}},"8":{"start":{"line":15,"column":4},"end":{"line":23,"column":5}},"9":{"start":{"line":16,"column":23},"end":{"line":18,"column":10}},"10":{"start":{"line":19,"column":8},"end":{"line":19,"column":25}},"11":{"start":{"line":21,"column":23},"end":{"line":21,"column":53}},"12":{"start":{"line":22,"column":8},"end":{"line":22,"column":25}},"13":{"start":{"line":31,"column":27},"end":{"line":31,"column":35}},"14":{"start":{"line":32,"column":4},"end":{"line":42,"column":5}},"15":{"start":{"line":33,"column":23},"end":{"line":38,"column":10}},"16":{"start":{"line":39,"column":8},"end":{"line":39,"column":25}},"17":{"start":{"line":41,"column":8},"end":{"line":41,"column":28}},"18":{"start":{"line":46,"column":27},"end":{"line":46,"column":35}},"19":{"start":{"line":47,"column":4},"end":{"line":55,"column":5}},"20":{"start":{"line":48,"column":23},"end":{"line":51,"column":10}},"21":{"start":{"line":52,"column":8},"end":{"line":52,"column":25}},"22":{"start":{"line":54,"column":8},"end":{"line":54,"column":28}},"23":{"start":{"line":59,"column":21},"end":{"line":59,"column":29}},"24":{"start":{"line":60,"column":4},"end":{"line":67,"column":5}},"25":{"start":{"line":61,"column":23},"end":{"line":63,"column":10}},"26":{"start":{"line":64,"column":8},"end":{"line":64,"column":25}},"27":{"start":{"line":66,"column":8},"end":{"line":66,"column":28}}},"fnMap":{"0":{"name":"getAllStates","decl":{"start":{"line":13,"column":15},"end":{"line":13,"column":27}},"loc":{"start":{"line":13,"column":38},"end":{"line":24,"column":1}},"line":13},"1":{"name":"getStatePerCode","decl":{"start":{"line":26,"column":15},"end":{"line":26,"column":30}},"loc":{"start":{"line":26,"column":41},"end":{"line":28,"column":1}},"line":26},"2":{"name":"createNewState","decl":{"start":{"line":30,"column":15},"end":{"line":30,"column":29}},"loc":{"start":{"line":30,"column":40},"end":{"line":43,"column":1}},"line":30},"3":{"name":"editStatePerCode","decl":{"start":{"line":45,"column":15},"end":{"line":45,"column":31}},"loc":{"start":{"line":45,"column":42},"end":{"line":56,"column":1}},"line":45},"4":{"name":"deleteStatePerCode","decl":{"start":{"line":58,"column":15},"end":{"line":58,"column":33}},"loc":{"start":{"line":58,"column":44},"end":{"line":68,"column":1}},"line":58}},"branchMap":{"0":{"loc":{"start":{"line":15,"column":4},"end":{"line":23,"column":5}},"type":"if","locations":[{"start":{"line":15,"column":4},"end":{"line":23,"column":5}},{"start":{"line":20,"column":11},"end":{"line":23,"column":5}}],"line":15},"1":{"loc":{"start":{"line":32,"column":4},"end":{"line":42,"column":5}},"type":"if","locations":[{"start":{"line":32,"column":4},"end":{"line":42,"column":5}},{"start":{"line":40,"column":11},"end":{"line":42,"column":5}}],"line":32},"2":{"loc":{"start":{"line":32,"column":8},"end":{"line":32,"column":20}},"type":"binary-expr","locations":[{"start":{"line":32,"column":8},"end":{"line":32,"column":12}},{"start":{"line":32,"column":16},"end":{"line":32,"column":20}}],"line":32},"3":{"loc":{"start":{"line":47,"column":4},"end":{"line":55,"column":5}},"type":"if","locations":[{"start":{"line":47,"column":4},"end":{"line":55,"column":5}},{"start":{"line":53,"column":11},"end":{"line":55,"column":5}}],"line":47},"4":{"loc":{"start":{"line":47,"column":8},"end":{"line":47,"column":20}},"type":"binary-expr","locations":[{"start":{"line":47,"column":8},"end":{"line":47,"column":12}},{"start":{"line":47,"column":16},"end":{"line":47,"column":20}}],"line":47},"5":{"loc":{"start":{"line":60,"column":4},"end":{"line":67,"column":5}},"type":"if","locations":[{"start":{"line":60,"column":4},"end":{"line":67,"column":5}},{"start":{"line":65,"column":11},"end":{"line":67,"column":5}}],"line":60}},"s":{"0":1,"1":1,"2":1,"3":1,"4":1,"5":1,"6":1,"7":0,"8":0,"9":0,"10":0,"11":0,"12":0,"13":0,"14":0,"15":0,"16":0,"17":0,"18":0,"19":0,"20":0,"21":0,"22":0,"23":0,"24":0,"25":0,"26":0,"27":0},"f":{"0":0,"1":0,"2":0,"3":0,"4":0},"b":{"0":[0,0],"1":[0,0],"2":[0,0],"3":[0,0],"4":[0,0],"5":[0,0]},"_coverageSchema":"1a1c01bbd47fc00a2c39e90264f33305004495a9","hash":"b7d1aa259cb56294c7017d50595107dac6644c1b"}
,"C:\\Users\\adsomos\\Documents\\GitHub\\mulberry\\src\\routes\\Transactions.ts": {"path":"C:\\Users\\adsomos\\Documents\\GitHub\\mulberry\\src\\routes\\Transactions.ts","statementMap":{"0":{"start":{"line":4,"column":15},"end":{"line":4,"column":31}},"1":{"start":{"line":5,"column":15},"end":{"line":5,"column":33}},"2":{"start":{"line":7,"column":0},"end":{"line":7,"column":36}},"3":{"start":{"line":8,"column":0},"end":{"line":8,"column":41}},"4":{"start":{"line":9,"column":0},"end":{"line":9,"column":39}},"5":{"start":{"line":10,"column":0},"end":{"line":10,"column":38}},"6":{"start":{"line":11,"column":0},"end":{"line":11,"column":43}},"7":{"start":{"line":12,"column":0},"end":{"line":12,"column":45}},"8":{"start":{"line":15,"column":19},"end":{"line":15,"column":55}},"9":{"start":{"line":16,"column":4},"end":{"line":16,"column":21}},"10":{"start":{"line":25,"column":8},"end":{"line":25,"column":16}},"11":{"start":{"line":26,"column":4},"end":{"line":49,"column":5}},"12":{"start":{"line":35,"column":23},"end":{"line":45,"column":10}},"13":{"start":{"line":46,"column":8},"end":{"line":46,"column":25}},"14":{"start":{"line":48,"column":8},"end":{"line":48,"column":28}},"15":{"start":{"line":54,"column":8},"end":{"line":54,"column":16}},"16":{"start":{"line":55,"column":4},"end":{"line":74,"column":5}},"17":{"start":{"line":56,"column":24},"end":{"line":58,"column":10}},"18":{"start":{"line":59,"column":23},"end":{"line":70,"column":10}},"19":{"start":{"line":71,"column":8},"end":{"line":71,"column":25}},"20":{"start":{"line":73,"column":8},"end":{"line":73,"column":28}},"21":{"start":{"line":82,"column":19},"end":{"line":82,"column":27}},"22":{"start":{"line":83,"column":4},"end":{"line":90,"column":5}},"23":{"start":{"line":84,"column":23},"end":{"line":86,"column":10}},"24":{"start":{"line":87,"column":8},"end":{"line":87,"column":25}},"25":{"start":{"line":89,"column":8},"end":{"line":89,"column":28}}},"fnMap":{"0":{"name":"getAllTransactions","decl":{"start":{"line":14,"column":15},"end":{"line":14,"column":33}},"loc":{"start":{"line":14,"column":44},"end":{"line":17,"column":1}},"line":14},"1":{"name":"getTransactionsPerId","decl":{"start":{"line":19,"column":15},"end":{"line":19,"column":35}},"loc":{"start":{"line":19,"column":46},"end":{"line":21,"column":1}},"line":19},"2":{"name":"createNewTransaction","decl":{"start":{"line":23,"column":15},"end":{"line":23,"column":35}},"loc":{"start":{"line":23,"column":46},"end":{"line":50,"column":1}},"line":23},"3":{"name":"editTransactionPerId","decl":{"start":{"line":52,"column":15},"end":{"line":52,"column":35}},"loc":{"start":{"line":52,"column":46},"end":{"line":75,"column":1}},"line":52},"4":{"name":"deleteAllTransactions","decl":{"start":{"line":77,"column":15},"end":{"line":77,"column":36}},"loc":{"start":{"line":77,"column":47},"end":{"line":79,"column":1}},"line":77},"5":{"name":"deleteTransactionPerId","decl":{"start":{"line":81,"column":15},"end":{"line":81,"column":37}},"loc":{"start":{"line":81,"column":48},"end":{"line":91,"column":1}},"line":81}},"branchMap":{"0":{"loc":{"start":{"line":26,"column":4},"end":{"line":49,"column":5}},"type":"if","locations":[{"start":{"line":26,"column":4},"end":{"line":49,"column":5}},{"start":{"line":47,"column":11},"end":{"line":49,"column":5}}],"line":26},"1":{"loc":{"start":{"line":27,"column":8},"end":{"line":33,"column":14}},"type":"binary-expr","locations":[{"start":{"line":27,"column":8},"end":{"line":27,"column":12}},{"start":{"line":28,"column":8},"end":{"line":28,"column":19}},{"start":{"line":29,"column":8},"end":{"line":29,"column":17}},{"start":{"line":30,"column":8},"end":{"line":30,"column":16}},{"start":{"line":31,"column":8},"end":{"line":31,"column":12}},{"start":{"line":32,"column":8},"end":{"line":32,"column":13}},{"start":{"line":33,"column":8},"end":{"line":33,"column":14}}],"line":27},"2":{"loc":{"start":{"line":55,"column":4},"end":{"line":74,"column":5}},"type":"if","locations":[{"start":{"line":55,"column":4},"end":{"line":74,"column":5}},{"start":{"line":72,"column":11},"end":{"line":74,"column":5}}],"line":55},"3":{"loc":{"start":{"line":62,"column":22},"end":{"line":62,"column":56}},"type":"cond-expr","locations":[{"start":{"line":62,"column":29},"end":{"line":62,"column":41}},{"start":{"line":62,"column":44},"end":{"line":62,"column":56}}],"line":62},"4":{"loc":{"start":{"line":63,"column":29},"end":{"line":63,"column":84}},"type":"cond-expr","locations":[{"start":{"line":63,"column":43},"end":{"line":63,"column":62}},{"start":{"line":63,"column":65},"end":{"line":63,"column":84}}],"line":63},"5":{"loc":{"start":{"line":64,"column":27},"end":{"line":64,"column":76}},"type":"cond-expr","locations":[{"start":{"line":64,"column":39},"end":{"line":64,"column":56}},{"start":{"line":64,"column":59},"end":{"line":64,"column":76}}],"line":64},"6":{"loc":{"start":{"line":65,"column":26},"end":{"line":65,"column":72}},"type":"cond-expr","locations":[{"start":{"line":65,"column":37},"end":{"line":65,"column":53}},{"start":{"line":65,"column":56},"end":{"line":65,"column":72}}],"line":65},"7":{"loc":{"start":{"line":66,"column":22},"end":{"line":66,"column":56}},"type":"cond-expr","locations":[{"start":{"line":66,"column":29},"end":{"line":66,"column":41}},{"start":{"line":66,"column":44},"end":{"line":66,"column":56}}],"line":66},"8":{"loc":{"start":{"line":67,"column":23},"end":{"line":67,"column":60}},"type":"cond-expr","locations":[{"start":{"line":67,"column":31},"end":{"line":67,"column":44}},{"start":{"line":67,"column":47},"end":{"line":67,"column":60}}],"line":67},"9":{"loc":{"start":{"line":68,"column":24},"end":{"line":68,"column":64}},"type":"cond-expr","locations":[{"start":{"line":68,"column":33},"end":{"line":68,"column":47}},{"start":{"line":68,"column":50},"end":{"line":68,"column":64}}],"line":68},"10":{"loc":{"start":{"line":83,"column":4},"end":{"line":90,"column":5}},"type":"if","locations":[{"start":{"line":83,"column":4},"end":{"line":90,"column":5}},{"start":{"line":88,"column":11},"end":{"line":90,"column":5}}],"line":83}},"s":{"0":1,"1":1,"2":1,"3":1,"4":1,"5":1,"6":1,"7":1,"8":0,"9":0,"10":0,"11":0,"12":0,"13":0,"14":0,"15":0,"16":0,"17":0,"18":0,"19":0,"20":0,"21":0,"22":0,"23":0,"24":0,"25":0},"f":{"0":0,"1":0,"2":0,"3":0,"4":0,"5":0},"b":{"0":[0,0],"1":[0,0,0,0,0,0,0],"2":[0,0],"3":[0,0],"4":[0,0],"5":[0,0],"6":[0,0],"7":[0,0],"8":[0,0],"9":[0,0],"10":[0,0]},"_coverageSchema":"1a1c01bbd47fc00a2c39e90264f33305004495a9","hash":"1d35910b3c81882e4c34d9565e8741f8301441e9"}
,"C:\\Users\\adsomos\\Documents\\GitHub\\mulberry\\src\\routes\\Users.ts": {"path":"C:\\Users\\adsomos\\Documents\\GitHub\\mulberry\\src\\routes\\Users.ts","statementMap":{"0":{"start":{"line":5,"column":15},"end":{"line":5,"column":31}},"1":{"start":{"line":6,"column":15},"end":{"line":6,"column":33}},"2":{"start":{"line":8,"column":0},"end":{"line":8,"column":28}},"3":{"start":{"line":9,"column":0},"end":{"line":9,"column":30}},"4":{"start":{"line":10,"column":0},"end":{"line":10,"column":38}},"5":{"start":{"line":11,"column":0},"end":{"line":11,"column":31}},"6":{"start":{"line":12,"column":0},"end":{"line":12,"column":39}},"7":{"start":{"line":13,"column":0},"end":{"line":13,"column":38}},"8":{"start":{"line":16,"column":4},"end":{"line":25,"column":5}},"9":{"start":{"line":17,"column":22},"end":{"line":21,"column":10}},"10":{"start":{"line":22,"column":8},"end":{"line":22,"column":23}},"11":{"start":{"line":24,"column":8},"end":{"line":24,"column":33}},"12":{"start":{"line":29,"column":29},"end":{"line":29,"column":37}},"13":{"start":{"line":30,"column":4},"end":{"line":81,"column":5}},"14":{"start":{"line":31,"column":21},"end":{"line":33,"column":10}},"15":{"start":{"line":34,"column":8},"end":{"line":51,"column":9}},"16":{"start":{"line":35,"column":27},"end":{"line":44,"column":13}},"17":{"start":{"line":45,"column":12},"end":{"line":45,"column":55}},"18":{"start":{"line":47,"column":12},"end":{"line":50,"column":14}},"19":{"start":{"line":53,"column":8},"end":{"line":79,"column":9}},"20":{"start":{"line":54,"column":28},"end":{"line":54,"column":36}},"21":{"start":{"line":55,"column":12},"end":{"line":59,"column":14}},"22":{"start":{"line":60,"column":15},"end":{"line":79,"column":9}},"23":{"start":{"line":61,"column":28},"end":{"line":61,"column":39}},"24":{"start":{"line":62,"column":12},"end":{"line":66,"column":14}},"25":{"start":{"line":67,"column":15},"end":{"line":79,"column":9}},"26":{"start":{"line":68,"column":28},"end":{"line":68,"column":39}},"27":{"start":{"line":69,"column":12},"end":{"line":73,"column":10}},"28":{"start":{"line":75,"column":12},"end":{"line":78,"column":14}},"29":{"start":{"line":85,"column":31},"end":{"line":85,"column":39}},"30":{"start":{"line":86,"column":4},"end":{"line":100,"column":5}},"31":{"start":{"line":87,"column":23},"end":{"line":92,"column":10}},"32":{"start":{"line":93,"column":23},"end":{"line":96,"column":9}},"33":{"start":{"line":97,"column":8},"end":{"line":97,"column":25}},"34":{"start":{"line":99,"column":8},"end":{"line":99,"column":52}},"35":{"start":{"line":104,"column":35},"end":{"line":104,"column":43}},"36":{"start":{"line":105,"column":4},"end":{"line":119,"column":5}},"37":{"start":{"line":106,"column":21},"end":{"line":108,"column":10}},"38":{"start":{"line":109,"column":23},"end":{"line":115,"column":10}},"39":{"start":{"line":116,"column":8},"end":{"line":116,"column":25}},"40":{"start":{"line":118,"column":8},"end":{"line":118,"column":28}},"41":{"start":{"line":123,"column":15},"end":{"line":123,"column":28}},"42":{"start":{"line":124,"column":4},"end":{"line":131,"column":5}},"43":{"start":{"line":125,"column":23},"end":{"line":127,"column":10}},"44":{"start":{"line":128,"column":8},"end":{"line":128,"column":25}},"45":{"start":{"line":130,"column":8},"end":{"line":130,"column":28}}},"fnMap":{"0":{"name":"getAllUsers","decl":{"start":{"line":15,"column":15},"end":{"line":15,"column":26}},"loc":{"start":{"line":15,"column":37},"end":{"line":26,"column":1}},"line":15},"1":{"name":"verifyLogin","decl":{"start":{"line":28,"column":15},"end":{"line":28,"column":26}},"loc":{"start":{"line":28,"column":37},"end":{"line":82,"column":1}},"line":28},"2":{"name":"createNewUser","decl":{"start":{"line":84,"column":15},"end":{"line":84,"column":28}},"loc":{"start":{"line":84,"column":39},"end":{"line":101,"column":1}},"line":84},"3":{"name":"editUserPerId","decl":{"start":{"line":103,"column":15},"end":{"line":103,"column":28}},"loc":{"start":{"line":103,"column":39},"end":{"line":120,"column":1}},"line":103},"4":{"name":"deleteUserPerId","decl":{"start":{"line":122,"column":15},"end":{"line":122,"column":30}},"loc":{"start":{"line":122,"column":41},"end":{"line":132,"column":1}},"line":122},"5":{"name":"deleteAllUsers","decl":{"start":{"line":134,"column":15},"end":{"line":134,"column":29}},"loc":{"start":{"line":134,"column":40},"end":{"line":136,"column":1}},"line":134}},"branchMap":{"0":{"loc":{"start":{"line":34,"column":8},"end":{"line":51,"column":9}},"type":"if","locations":[{"start":{"line":34,"column":8},"end":{"line":51,"column":9}},{"start":{"line":46,"column":15},"end":{"line":51,"column":9}}],"line":34},"1":{"loc":{"start":{"line":53,"column":8},"end":{"line":79,"column":9}},"type":"if","locations":[{"start":{"line":53,"column":8},"end":{"line":79,"column":9}},{"start":{"line":60,"column":15},"end":{"line":79,"column":9}}],"line":53},"2":{"loc":{"start":{"line":60,"column":15},"end":{"line":79,"column":9}},"type":"if","locations":[{"start":{"line":60,"column":15},"end":{"line":79,"column":9}},{"start":{"line":67,"column":15},"end":{"line":79,"column":9}}],"line":60},"3":{"loc":{"start":{"line":67,"column":15},"end":{"line":79,"column":9}},"type":"if","locations":[{"start":{"line":67,"column":15},"end":{"line":79,"column":9}},{"start":{"line":74,"column":15},"end":{"line":79,"column":9}}],"line":67},"4":{"loc":{"start":{"line":86,"column":4},"end":{"line":100,"column":5}},"type":"if","locations":[{"start":{"line":86,"column":4},"end":{"line":100,"column":5}},{"start":{"line":98,"column":11},"end":{"line":100,"column":5}}],"line":86},"5":{"loc":{"start":{"line":90,"column":26},"end":{"line":90,"column":62}},"type":"cond-expr","locations":[{"start":{"line":90,"column":37},"end":{"line":90,"column":53}},{"start":{"line":90,"column":56},"end":{"line":90,"column":62}}],"line":90},"6":{"loc":{"start":{"line":105,"column":4},"end":{"line":119,"column":5}},"type":"if","locations":[{"start":{"line":105,"column":4},"end":{"line":119,"column":5}},{"start":{"line":117,"column":11},"end":{"line":119,"column":5}}],"line":105},"7":{"loc":{"start":{"line":112,"column":22},"end":{"line":112,"column":53}},"type":"cond-expr","locations":[{"start":{"line":112,"column":29},"end":{"line":112,"column":41}},{"start":{"line":112,"column":44},"end":{"line":112,"column":53}}],"line":112},"8":{"loc":{"start":{"line":113,"column":26},"end":{"line":113,"column":69}},"type":"cond-expr","locations":[{"start":{"line":113,"column":37},"end":{"line":113,"column":53}},{"start":{"line":113,"column":56},"end":{"line":113,"column":69}}],"line":113},"9":{"loc":{"start":{"line":124,"column":4},"end":{"line":131,"column":5}},"type":"if","locations":[{"start":{"line":124,"column":4},"end":{"line":131,"column":5}},{"start":{"line":129,"column":11},"end":{"line":131,"column":5}}],"line":124}},"s":{"0":1,"1":1,"2":1,"3":1,"4":1,"5":1,"6":1,"7":1,"8":0,"9":0,"10":0,"11":0,"12":0,"13":0,"14":0,"15":0,"16":0,"17":0,"18":0,"19":0,"20":0,"21":0,"22":0,"23":0,"24":0,"25":0,"26":0,"27":0,"28":0,"29":0,"30":0,"31":0,"32":0,"33":0,"34":0,"35":0,"36":0,"37":0,"38":0,"39":0,"40":0,"41":0,"42":0,"43":0,"44":0,"45":0},"f":{"0":0,"1":0,"2":0,"3":0,"4":0,"5":0},"b":{"0":[0,0],"1":[0,0],"2":[0,0],"3":[0,0],"4":[0,0],"5":[0,0],"6":[0,0],"7":[0,0],"8":[0,0],"9":[0,0]},"_coverageSchema":"1a1c01bbd47fc00a2c39e90264f33305004495a9","hash":"f276b769d5e8b8708680ee409d5ebb579417e156"}
}
