TN:
SF:src\app.ts
FNF:0
FNH:0
DA:21,1
DA:23,1
DA:24,1
DA:25,1
DA:27,1
DA:28,1
DA:29,1
DA:30,1
DA:31,1
DA:32,1
DA:33,1
DA:34,1
DA:35,1
DA:36,1
DA:37,1
DA:38,1
DA:39,1
DA:40,1
DA:41,1
LF:19
LH:19
BRF:0
BRH:0
end_of_record
TN:
SF:src\controllers\generateLog.ts
FN:5,(anonymous_0)
FNF:1
FNH:1
FNDA:1,(anonymous_0)
DA:3,1
DA:5,1
DA:10,1
DA:17,1
LF:4
LH:4
BRF:0
BRH:0
end_of_record
TN:
SF:src\routes\Brands.ts
FN:15,getAllBrands
FN:24,getBrandPerId
FN:36,createNewBrand
FN:60,editBrandPerId
FN:88,deleteBrandPerId
FN:112,deleteAllBrands
FNF:6
FNH:3
FNDA:1,getAllBrands
FNDA:1,getBrandPerId
FNDA:1,createNewBrand
FNDA:0,editBrandPerId
FNDA:0,deleteBrandPerId
FNDA:0,deleteAllBrands
DA:5,1
DA:6,1
DA:8,1
DA:9,1
DA:10,1
DA:11,1
DA:12,1
DA:13,1
DA:16,1
DA:17,1
DA:18,1
DA:20,0
DA:25,1
DA:26,1
DA:27,1
DA:30,1
DA:32,0
DA:37,1
DA:38,1
DA:39,1
DA:40,1
DA:43,1
DA:51,1
DA:53,0
DA:56,0
DA:61,0
DA:62,0
DA:63,0
DA:64,0
DA:67,0
DA:71,0
DA:79,0
DA:81,0
DA:84,0
DA:89,0
DA:90,0
DA:91,0
DA:92,0
DA:95,0
DA:103,0
DA:105,0
DA:108,0
DA:113,0
DA:114,0
DA:115,0
DA:117,0
LF:46
LH:21
BRDA:39,0,0,1
BRDA:39,0,1,0
BRDA:39,1,0,1
BRDA:39,1,1,1
BRDA:63,2,0,0
BRDA:63,2,1,0
BRDA:63,3,0,0
BRDA:63,3,1,0
BRDA:63,3,2,0
BRDA:91,4,0,0
BRDA:91,4,1,0
BRF:11
BRH:3
end_of_record
TN:
SF:src\routes\Citys.ts
FN:15,getAllCitys
FN:24,getCityPerCode
FN:40,createNewCity
FN:69,editCityPerCode
FN:102,deleteCityPerId
FN:119,deleteAllCitys
FNF:6
FNH:0
FNDA:0,getAllCitys
FNDA:0,getCityPerCode
FNDA:0,createNewCity
FNDA:0,editCityPerCode
FNDA:0,deleteCityPerId
FNDA:0,deleteAllCitys
DA:5,1
DA:6,1
DA:8,1
DA:9,1
DA:10,1
DA:11,1
DA:12,1
DA:13,1
DA:16,0
DA:17,0
DA:18,0
DA:20,0
DA:25,0
DA:26,0
DA:27,0
DA:28,0
DA:31,0
DA:33,0
DA:36,0
DA:41,0
DA:42,0
DA:43,0
DA:44,0
DA:52,0
DA:60,0
DA:62,0
DA:65,0
DA:70,0
DA:71,0
DA:72,0
DA:73,0
DA:76,0
DA:85,0
DA:93,0
DA:95,0
DA:98,0
DA:103,0
DA:104,0
DA:105,0
DA:106,0
DA:111,0
DA:113,0
DA:116,0
DA:120,0
DA:121,0
DA:122,0
DA:124,0
LF:47
LH:8
BRDA:27,0,0,0
BRDA:27,0,1,0
BRDA:43,1,0,0
BRDA:43,1,1,0
BRDA:43,2,0,0
BRDA:43,2,1,0
BRDA:43,2,2,0
BRDA:72,3,0,0
BRDA:72,3,1,0
BRDA:72,4,0,0
BRDA:72,4,1,0
BRDA:72,4,2,0
BRDA:72,4,3,0
BRDA:105,5,0,0
BRDA:105,5,1,0
BRF:15
BRH:0
end_of_record
TN:
SF:src\routes\Clients.ts
FNF:0
FNH:0
DA:5,1
DA:6,1
LF:2
LH:2
BRF:0
BRH:0
end_of_record
TN:
SF:src\routes\Company.ts
FN:12,getCompanyPerId
FN:25,createCompany
FN:37,editCompanyPerId
FN:52,deleteCompanyPerId
FNF:4
FNH:0
FNDA:0,getCompanyPerId
FNDA:0,createCompany
FNDA:0,editCompanyPerId
FNDA:0,deleteCompanyPerId
DA:4,1
DA:5,1
DA:7,1
DA:8,1
DA:9,1
DA:10,1
DA:13,0
DA:14,0
DA:15,0
DA:18,0
DA:20,0
DA:21,0
DA:26,0
DA:27,0
DA:28,0
DA:31,0
DA:33,0
DA:38,0
DA:39,0
DA:40,0
DA:46,0
DA:48,0
DA:53,0
DA:54,0
DA:55,0
DA:58,0
DA:60,0
LF:27
LH:6
BRDA:14,0,0,0
BRDA:14,0,1,0
BRDA:27,1,0,0
BRDA:27,1,1,0
BRDA:39,2,0,0
BRDA:39,2,1,0
BRDA:39,3,0,0
BRDA:39,3,1,0
BRDA:54,4,0,0
BRDA:54,4,1,0
BRF:10
BRH:0
end_of_record
TN:
SF:src\routes\Groups.ts
FN:15,getAllGroups
FN:20,getGroupPerId
FN:30,createNewGroup
FN:52,editGroupPerId
FN:65,deleteGroupPerId
FN:75,deleteAllGroups
FNF:6
FNH:0
FNDA:0,getAllGroups
FNDA:0,getGroupPerId
FNDA:0,createNewGroup
FNDA:0,editGroupPerId
FNDA:0,deleteGroupPerId
FNDA:0,deleteAllGroups
DA:5,1
DA:6,1
DA:8,1
DA:9,1
DA:10,1
DA:11,1
DA:12,1
DA:13,1
DA:16,0
DA:17,0
DA:21,0
DA:22,0
DA:27,0
DA:31,0
DA:32,0
DA:33,0
DA:38,0
DA:46,0
DA:48,0
DA:53,0
DA:54,0
DA:62,0
DA:66,0
DA:67,0
DA:72,0
DA:76,0
DA:77,0
LF:27
LH:8
BRDA:32,0,0,0
BRDA:32,0,1,0
BRDA:32,1,0,0
BRDA:32,1,1,0
BRF:4
BRH:0
end_of_record
TN:
SF:src\routes\Inventory.ts
FNF:0
FNH:0
DA:4,1
DA:5,1
LF:2
LH:2
BRF:0
BRH:0
end_of_record
TN:
SF:src\routes\Items.ts
FN:12,getItemPerNoteId
FN:30,createNewItem
FN:48,editItemPerId
FN:70,deleteItemPerId
FNF:4
FNH:0
FNDA:0,getItemPerNoteId
FNDA:0,createNewItem
FNDA:0,editItemPerId
FNDA:0,deleteItemPerId
DA:4,1
DA:5,1
DA:7,1
DA:8,1
DA:9,1
DA:10,1
DA:13,0
DA:14,0
DA:15,0
DA:18,0
DA:19,0
DA:20,0
DA:23,0
DA:25,0
DA:26,0
DA:49,0
DA:50,0
DA:51,0
DA:54,0
DA:64,0
DA:66,0
DA:71,0
DA:72,0
DA:73,0
DA:76,0
DA:78,0
LF:26
LH:6
BRDA:14,0,0,0
BRDA:14,0,1,0
BRDA:19,1,0,0
BRDA:19,1,1,0
BRDA:50,2,0,0
BRDA:50,2,1,0
BRDA:57,3,0,0
BRDA:57,3,1,0
BRDA:58,4,0,0
BRDA:58,4,1,0
BRDA:59,5,0,0
BRDA:59,5,1,0
BRDA:60,6,0,0
BRDA:60,6,1,0
BRDA:61,7,0,0
BRDA:61,7,1,0
BRDA:72,8,0,0
BRDA:72,8,1,0
BRF:18
BRH:0
end_of_record
TN:
SF:src\routes\Logs.ts
FN:14,getAllLogs
FN:23,getLogPerId
FN:27,createNewLog
FN:43,editLogPerId
FN:48,deleteLogPerId
FN:53,deleteAllLogs
FNF:6
FNH:0
FNDA:0,getAllLogs
FNDA:0,getLogPerId
FNDA:0,createNewLog
FNDA:0,editLogPerId
FNDA:0,deleteLogPerId
FNDA:0,deleteAllLogs
DA:4,1
DA:5,1
DA:7,1
DA:8,1
DA:9,1
DA:10,1
DA:11,1
DA:12,1
DA:15,0
DA:20,0
DA:28,0
DA:29,0
DA:30,0
DA:37,0
DA:39,0
DA:45,0
DA:50,0
DA:54,0
DA:55,0
LF:19
LH:8
BRDA:29,0,0,0
BRDA:29,0,1,0
BRDA:29,1,0,0
BRDA:29,1,1,0
BRDA:29,1,2,0
BRF:5
BRH:0
end_of_record
TN:
SF:src\routes\Measurements.ts
FN:14,getAllMeasurements
FN:19,getMeasurementPerId
FN:29,createNewMeasurements
FN:54,editMeasurementsPerId
FN:67,deleteMeasurementPerId
FNF:5
FNH:0
FNDA:0,getAllMeasurements
FNDA:0,getMeasurementPerId
FNDA:0,createNewMeasurements
FNDA:0,editMeasurementsPerId
FNDA:0,deleteMeasurementPerId
DA:5,1
DA:6,1
DA:8,1
DA:9,1
DA:10,1
DA:11,1
DA:12,1
DA:15,0
DA:16,0
DA:20,0
DA:21,0
DA:26,0
DA:30,0
DA:31,0
DA:32,0
DA:33,0
DA:39,0
DA:47,0
DA:49,0
DA:55,0
DA:56,0
DA:64,0
DA:68,0
DA:69,0
DA:74,0
LF:25
LH:7
BRDA:31,0,0,0
BRDA:31,0,1,0
BRDA:31,1,0,0
BRDA:31,1,1,0
BRF:4
BRH:0
end_of_record
TN:
SF:src\routes\Products.ts
FN:14,getAllProducts
FN:19,getProductPerId
FN:43,createNewProduct
FN:72,editProductPerId
FN:117,deleteProductPerId
FNF:5
FNH:0
FNDA:0,getAllProducts
FNDA:0,getProductPerId
FNDA:0,createNewProduct
FNDA:0,editProductPerId
FNDA:0,deleteProductPerId
DA:5,1
DA:6,1
DA:8,1
DA:9,1
DA:10,1
DA:11,1
DA:12,1
DA:15,0
DA:16,0
DA:20,0
DA:21,0
DA:40,0
DA:45,0
DA:46,0
DA:61,0
DA:69,0
DA:82,0
DA:83,0
DA:88,0
DA:106,0
DA:114,0
DA:118,0
DA:119,0
DA:124,0
DA:132,0
LF:25
LH:7
BRF:0
BRH:0
end_of_record
TN:
SF:src\routes\Sellers.ts
FN:13,getAllSellers
FN:22,getSellerPerId
FN:39,createNewSeller
FN:59,editSellerPerId
FN:78,deleteSellerPerId
FNF:5
FNH:0
FNDA:0,getAllSellers
FNDA:0,getSellerPerId
FNDA:0,createNewSeller
FNDA:0,editSellerPerId
FNDA:0,deleteSellerPerId
DA:4,1
DA:5,1
DA:7,1
DA:8,1
DA:9,1
DA:10,1
DA:11,1
DA:14,0
DA:15,0
DA:16,0
DA:18,0
DA:23,0
DA:24,0
DA:25,0
DA:26,0
DA:29,0
DA:31,0
DA:34,0
DA:40,0
DA:41,0
DA:42,0
DA:43,0
DA:49,0
DA:51,0
DA:54,0
DA:60,0
DA:61,0
DA:62,0
DA:65,0
DA:72,0
DA:74,0
DA:79,0
DA:80,0
DA:81,0
DA:84,0
DA:86,0
LF:36
LH:7
BRDA:25,0,0,0
BRDA:25,0,1,0
BRDA:42,1,0,0
BRDA:42,1,1,0
BRDA:42,2,0,0
BRDA:42,2,1,0
BRDA:42,2,2,0
BRDA:61,3,0,0
BRDA:61,3,1,0
BRDA:68,4,0,0
BRDA:68,4,1,0
BRDA:69,5,0,0
BRDA:69,5,1,0
BRDA:80,6,0,0
BRDA:80,6,1,0
BRF:15
BRH:0
end_of_record
TN:
SF:src\routes\Sells.ts
FN:13,getAllSells
FN:18,getSellPerId
FN:22,createNewSell
FN:52,editSellPerId
FN:85,deleteSellPerId
FNF:5
FNH:0
FNDA:0,getAllSells
FNDA:0,getSellPerId
FNDA:0,createNewSell
FNDA:0,editSellPerId
FNDA:0,deleteSellPerId
DA:4,1
DA:5,1
DA:7,1
DA:8,1
DA:9,1
DA:10,1
DA:11,1
DA:14,0
DA:15,0
DA:32,0
DA:33,0
DA:34,0
DA:46,0
DA:48,0
DA:62,0
DA:63,0
DA:64,0
DA:67,0
DA:79,0
DA:81,0
DA:86,0
DA:87,0
DA:88,0
DA:91,0
DA:93,0
LF:25
LH:7
BRDA:33,0,0,0
BRDA:33,0,1,0
BRDA:33,1,0,0
BRDA:33,1,1,0
BRDA:33,1,2,0
BRDA:37,2,0,0
BRDA:37,2,1,0
BRDA:40,3,0,0
BRDA:40,3,1,0
BRDA:41,4,0,0
BRDA:41,4,1,0
BRDA:42,5,0,0
BRDA:42,5,1,0
BRDA:43,6,0,0
BRDA:43,6,1,0
BRDA:63,7,0,0
BRDA:63,7,1,0
BRDA:70,8,0,0
BRDA:70,8,1,0
BRDA:71,9,0,0
BRDA:71,9,1,0
BRDA:72,10,0,0
BRDA:72,10,1,0
BRDA:73,11,0,0
BRDA:73,11,1,0
BRDA:74,12,0,0
BRDA:74,12,1,0
BRDA:75,13,0,0
BRDA:75,13,1,0
BRDA:76,14,0,0
BRDA:76,14,1,0
BRDA:87,15,0,0
BRDA:87,15,1,0
BRF:33
BRH:0
end_of_record
TN:
SF:src\routes\States.ts
FN:13,getAllStates
FN:26,getStatePerCode
FN:30,createNewState
FN:45,editStatePerCode
FN:58,deleteStatePerCode
FNF:5
FNH:0
FNDA:0,getAllStates
FNDA:0,getStatePerCode
FNDA:0,createNewState
FNDA:0,editStatePerCode
FNDA:0,deleteStatePerCode
DA:4,1
DA:5,1
DA:7,1
DA:8,1
DA:9,1
DA:10,1
DA:11,1
DA:14,0
DA:15,0
DA:16,0
DA:19,0
DA:21,0
DA:22,0
DA:31,0
DA:32,0
DA:33,0
DA:39,0
DA:41,0
DA:46,0
DA:47,0
DA:48,0
DA:52,0
DA:54,0
DA:59,0
DA:60,0
DA:61,0
DA:64,0
DA:66,0
LF:28
LH:7
BRDA:15,0,0,0
BRDA:15,0,1,0
BRDA:32,1,0,0
BRDA:32,1,1,0
BRDA:32,2,0,0
BRDA:32,2,1,0
BRDA:47,3,0,0
BRDA:47,3,1,0
BRDA:47,4,0,0
BRDA:47,4,1,0
BRDA:60,5,0,0
BRDA:60,5,1,0
BRF:12
BRH:0
end_of_record
TN:
SF:src\routes\Transactions.ts
FN:14,getAllTransactions
FN:19,getTransactionsPerId
FN:23,createNewTransaction
FN:52,editTransactionPerId
FN:77,deleteAllTransactions
FN:81,deleteTransactionPerId
FNF:6
FNH:0
FNDA:0,getAllTransactions
FNDA:0,getTransactionsPerId
FNDA:0,createNewTransaction
FNDA:0,editTransactionPerId
FNDA:0,deleteAllTransactions
FNDA:0,deleteTransactionPerId
DA:4,1
DA:5,1
DA:7,1
DA:8,1
DA:9,1
DA:10,1
DA:11,1
DA:12,1
DA:15,0
DA:16,0
DA:25,0
DA:26,0
DA:35,0
DA:46,0
DA:48,0
DA:54,0
DA:55,0
DA:56,0
DA:59,0
DA:71,0
DA:73,0
DA:82,0
DA:83,0
DA:84,0
DA:87,0
DA:89,0
LF:26
LH:8
BRDA:26,0,0,0
BRDA:26,0,1,0
BRDA:27,1,0,0
BRDA:27,1,1,0
BRDA:27,1,2,0
BRDA:27,1,3,0
BRDA:27,1,4,0
BRDA:27,1,5,0
BRDA:27,1,6,0
BRDA:55,2,0,0
BRDA:55,2,1,0
BRDA:62,3,0,0
BRDA:62,3,1,0
BRDA:63,4,0,0
BRDA:63,4,1,0
BRDA:64,5,0,0
BRDA:64,5,1,0
BRDA:65,6,0,0
BRDA:65,6,1,0
BRDA:66,7,0,0
BRDA:66,7,1,0
BRDA:67,8,0,0
BRDA:67,8,1,0
BRDA:68,9,0,0
BRDA:68,9,1,0
BRDA:83,10,0,0
BRDA:83,10,1,0
BRF:27
BRH:0
end_of_record
TN:
SF:src\routes\Users.ts
FN:15,getAllUsers
FN:28,verifyLogin
FN:84,createNewUser
FN:103,editUserPerId
FN:122,deleteUserPerId
FN:134,deleteAllUsers
FNF:6
FNH:0
FNDA:0,getAllUsers
FNDA:0,verifyLogin
FNDA:0,createNewUser
FNDA:0,editUserPerId
FNDA:0,deleteUserPerId
FNDA:0,deleteAllUsers
DA:5,1
DA:6,1
DA:8,1
DA:9,1
DA:10,1
DA:11,1
DA:12,1
DA:13,1
DA:16,0
DA:17,0
DA:22,0
DA:24,0
DA:29,0
DA:30,0
DA:31,0
DA:34,0
DA:35,0
DA:45,0
DA:47,0
DA:53,0
DA:54,0
DA:55,0
DA:60,0
DA:61,0
DA:62,0
DA:67,0
DA:68,0
DA:69,0
DA:75,0
DA:85,0
DA:86,0
DA:87,0
DA:93,0
DA:97,0
DA:99,0
DA:104,0
DA:105,0
DA:106,0
DA:109,0
DA:116,0
DA:118,0
DA:123,0
DA:124,0
DA:125,0
DA:128,0
DA:130,0
LF:46
LH:8
BRDA:34,0,0,0
BRDA:34,0,1,0
BRDA:53,1,0,0
BRDA:53,1,1,0
BRDA:60,2,0,0
BRDA:60,2,1,0
BRDA:67,3,0,0
BRDA:67,3,1,0
BRDA:86,4,0,0
BRDA:86,4,1,0
BRDA:90,5,0,0
BRDA:90,5,1,0
BRDA:105,6,0,0
BRDA:105,6,1,0
BRDA:112,7,0,0
BRDA:112,7,1,0
BRDA:113,8,0,0
BRDA:113,8,1,0
BRDA:124,9,0,0
BRDA:124,9,1,0
BRF:20
BRH:0
end_of_record
