TN:
SF:src\app.ts
FNF:0
FNH:0
DA:21,4
DA:23,4
DA:24,4
DA:25,4
DA:27,4
DA:28,4
DA:29,4
DA:30,4
DA:31,4
DA:32,4
DA:33,4
DA:34,4
DA:35,4
DA:36,4
DA:37,4
DA:38,4
DA:39,4
DA:40,4
DA:41,4
LF:19
LH:19
BRF:0
BRH:0
end_of_record
TN:
SF:src\controllers\generateLog.ts
FN:5,(anonymous_0)
FNF:1
FNH:1
FNDA:6,(anonymous_0)
DA:3,4
DA:5,4
DA:10,6
DA:17,5
LF:4
LH:4
BRF:0
BRH:0
end_of_record
TN:
SF:src\routes\Brands.ts
FN:15,getAllBrands
FN:24,getBrandPerId
FN:36,createNewBrand
FN:60,editBrandPerId
FN:88,deleteBrandPerId
FN:112,deleteAllBrands
FNF:6
FNH:6
FNDA:1,getAllBrands
FNDA:1,getBrandPerId
FNDA:1,createNewBrand
FNDA:1,editBrandPerId
FNDA:1,deleteBrandPerId
FNDA:1,deleteAllBrands
DA:5,4
DA:6,4
DA:8,4
DA:9,4
DA:10,4
DA:11,4
DA:12,4
DA:13,4
DA:16,1
DA:17,1
DA:18,1
DA:20,0
DA:25,1
DA:26,1
DA:27,1
DA:30,1
DA:32,0
DA:37,1
DA:38,1
DA:39,1
DA:40,1
DA:43,1
DA:51,1
DA:53,0
DA:56,0
DA:61,1
DA:62,1
DA:63,1
DA:64,1
DA:67,1
DA:71,1
DA:79,1
DA:81,0
DA:84,0
DA:89,1
DA:90,1
DA:91,1
DA:92,1
DA:95,1
DA:103,0
DA:105,0
DA:108,1
DA:113,1
DA:114,1
DA:115,1
DA:117,0
LF:46
LH:37
BRDA:39,0,0,1
BRDA:39,0,1,0
BRDA:39,1,0,1
BRDA:39,1,1,1
BRDA:39,1,2,1
BRDA:63,2,0,1
BRDA:63,2,1,0
BRDA:63,3,0,1
BRDA:63,3,1,1
BRDA:63,3,2,1
BRDA:91,4,0,1
BRDA:91,4,1,0
BRF:12
BRH:9
end_of_record
TN:
SF:src\routes\Citys.ts
FN:15,getAllCitys
FN:24,getCityPerCode
FN:40,createNewCity
FN:69,editCityPerCode
FN:102,deleteCityPerId
FN:119,deleteAllCitys
FNF:6
FNH:4
FNDA:1,getAllCitys
FNDA:1,getCityPerCode
FNDA:1,createNewCity
FNDA:0,editCityPerCode
FNDA:1,deleteCityPerId
FNDA:0,deleteAllCitys
DA:5,4
DA:6,4
DA:8,4
DA:9,4
DA:10,4
DA:11,4
DA:12,4
DA:13,4
DA:16,1
DA:17,1
DA:18,1
DA:20,0
DA:25,1
DA:26,1
DA:27,1
DA:28,1
DA:31,1
DA:33,0
DA:36,0
DA:41,1
DA:42,1
DA:43,1
DA:44,1
DA:52,1
DA:60,1
DA:62,0
DA:65,0
DA:70,0
DA:71,0
DA:72,0
DA:73,0
DA:76,0
DA:85,0
DA:93,0
DA:95,0
DA:98,0
DA:103,1
DA:104,1
DA:105,1
DA:106,1
DA:111,1
DA:113,0
DA:116,0
DA:120,0
DA:121,0
DA:122,0
DA:124,0
LF:47
LH:27
BRDA:27,0,0,1
BRDA:27,0,1,0
BRDA:43,1,0,1
BRDA:43,1,1,0
BRDA:43,2,0,1
BRDA:43,2,1,1
BRDA:43,2,2,1
BRDA:43,2,3,1
BRDA:72,3,0,0
BRDA:72,3,1,0
BRDA:72,4,0,0
BRDA:72,4,1,0
BRDA:72,4,2,0
BRDA:72,4,3,0
BRDA:105,5,0,1
BRDA:105,5,1,0
BRF:16
BRH:7
end_of_record
TN:
SF:src\routes\Clients.ts
FNF:0
FNH:0
DA:5,4
DA:6,4
LF:2
LH:2
BRF:0
BRH:0
end_of_record
TN:
SF:src\routes\Company.ts
FN:14,getAllCompanys
FN:23,getCompanyPerId
FN:40,createCompany
FN:67,editCompanyPerId
FN:82,deleteCompanyPerId
FNF:5
FNH:4
FNDA:1,getAllCompanys
FNDA:1,getCompanyPerId
FNDA:1,createCompany
FNDA:0,editCompanyPerId
FNDA:1,deleteCompanyPerId
DA:5,4
DA:6,4
DA:8,4
DA:9,4
DA:10,4
DA:11,4
DA:12,4
DA:15,1
DA:16,1
DA:17,1
DA:19,0
DA:24,1
DA:25,1
DA:26,1
DA:27,1
DA:30,1
DA:32,0
DA:35,0
DA:41,1
DA:42,1
DA:43,1
DA:44,1
DA:50,1
DA:58,1
DA:60,0
DA:63,0
DA:68,0
DA:69,0
DA:70,0
DA:76,0
DA:78,0
DA:83,1
DA:84,1
DA:85,1
DA:86,1
DA:89,1
DA:91,0
DA:94,0
LF:38
LH:26
BRDA:26,0,0,1
BRDA:26,0,1,0
BRDA:43,1,0,1
BRDA:43,1,1,0
BRDA:43,2,0,1
BRDA:43,2,1,1
BRDA:43,2,2,1
BRDA:69,3,0,0
BRDA:69,3,1,0
BRDA:69,4,0,0
BRDA:69,4,1,0
BRDA:85,5,0,1
BRDA:85,5,1,0
BRF:13
BRH:6
end_of_record
TN:
SF:src\routes\Groups.ts
FN:15,getAllGroups
FN:24,getGroupPerId
FN:38,createNewGroup
FN:65,editGroupPerId
FN:78,deleteGroupPerId
FN:92,deleteAllGroups
FNF:6
FNH:4
FNDA:1,getAllGroups
FNDA:1,getGroupPerId
FNDA:1,createNewGroup
FNDA:0,editGroupPerId
FNDA:1,deleteGroupPerId
FNDA:0,deleteAllGroups
DA:5,4
DA:6,4
DA:8,4
DA:9,4
DA:10,4
DA:11,4
DA:12,4
DA:13,4
DA:16,1
DA:17,1
DA:18,1
DA:20,0
DA:25,1
DA:26,1
DA:27,1
DA:32,1
DA:34,0
DA:39,1
DA:40,1
DA:41,1
DA:42,1
DA:48,1
DA:56,1
DA:58,0
DA:61,0
DA:66,0
DA:67,0
DA:75,0
DA:79,1
DA:80,1
DA:81,1
DA:86,1
DA:88,0
DA:93,0
DA:94,0
DA:95,0
DA:97,0
LF:37
LH:25
BRDA:41,0,0,1
BRDA:41,0,1,0
BRDA:41,1,0,1
BRDA:41,1,1,1
BRDA:41,1,2,1
BRF:5
BRH:4
end_of_record
TN:
SF:src\routes\Inventory.ts
FNF:0
FNH:0
DA:4,4
DA:5,4
LF:2
LH:2
BRF:0
BRH:0
end_of_record
TN:
SF:src\routes\Items.ts
FN:12,getItemPerNoteId
FN:30,createNewItem
FN:48,editItemPerId
FN:70,deleteItemPerId
FNF:4
FNH:0
FNDA:0,getItemPerNoteId
FNDA:0,createNewItem
FNDA:0,editItemPerId
FNDA:0,deleteItemPerId
DA:4,4
DA:5,4
DA:7,4
DA:8,4
DA:9,4
DA:10,4
DA:13,0
DA:14,0
DA:15,0
DA:18,0
DA:19,0
DA:20,0
DA:23,0
DA:25,0
DA:26,0
DA:49,0
DA:50,0
DA:51,0
DA:54,0
DA:64,0
DA:66,0
DA:71,0
DA:72,0
DA:73,0
DA:76,0
DA:78,0
LF:26
LH:6
BRDA:14,0,0,0
BRDA:14,0,1,0
BRDA:19,1,0,0
BRDA:19,1,1,0
BRDA:50,2,0,0
BRDA:50,2,1,0
BRDA:57,3,0,0
BRDA:57,3,1,0
BRDA:58,4,0,0
BRDA:58,4,1,0
BRDA:59,5,0,0
BRDA:59,5,1,0
BRDA:60,6,0,0
BRDA:60,6,1,0
BRDA:61,7,0,0
BRDA:61,7,1,0
BRDA:72,8,0,0
BRDA:72,8,1,0
BRF:18
BRH:0
end_of_record
TN:
SF:src\routes\Logs.ts
FN:14,getAllLogs
FN:23,getLogPerId
FN:27,createNewLog
FN:43,editLogPerId
FN:48,deleteLogPerId
FN:53,deleteAllLogs
FNF:6
FNH:0
FNDA:0,getAllLogs
FNDA:0,getLogPerId
FNDA:0,createNewLog
FNDA:0,editLogPerId
FNDA:0,deleteLogPerId
FNDA:0,deleteAllLogs
DA:4,4
DA:5,4
DA:7,4
DA:8,4
DA:9,4
DA:10,4
DA:11,4
DA:12,4
DA:15,0
DA:20,0
DA:28,0
DA:29,0
DA:30,0
DA:37,0
DA:39,0
DA:45,0
DA:50,0
DA:54,0
DA:55,0
LF:19
LH:8
BRDA:29,0,0,0
BRDA:29,0,1,0
BRDA:29,1,0,0
BRDA:29,1,1,0
BRDA:29,1,2,0
BRF:5
BRH:0
end_of_record
TN:
SF:src\routes\Measurements.ts
FN:14,getAllMeasurements
FN:19,getMeasurementPerId
FN:29,createNewMeasurements
FN:55,editMeasurementsPerId
FN:68,deleteMeasurementPerId
FNF:5
FNH:0
FNDA:0,getAllMeasurements
FNDA:0,getMeasurementPerId
FNDA:0,createNewMeasurements
FNDA:0,editMeasurementsPerId
FNDA:0,deleteMeasurementPerId
DA:5,4
DA:6,4
DA:8,4
DA:9,4
DA:10,4
DA:11,4
DA:12,4
DA:15,0
DA:16,0
DA:20,0
DA:21,0
DA:26,0
DA:30,0
DA:31,0
DA:32,0
DA:33,0
DA:40,0
DA:48,0
DA:50,0
DA:56,0
DA:57,0
DA:65,0
DA:69,0
DA:70,0
DA:75,0
LF:25
LH:7
BRDA:31,0,0,0
BRDA:31,0,1,0
BRDA:31,1,0,0
BRDA:31,1,1,0
BRDA:31,1,2,0
BRF:5
BRH:0
end_of_record
TN:
SF:src\routes\Products.ts
FN:14,getAllProducts
FN:19,getProductPerId
FN:43,createNewProduct
FN:73,editProductPerId
FN:118,deleteProductPerId
FNF:5
FNH:0
FNDA:0,getAllProducts
FNDA:0,getProductPerId
FNDA:0,createNewProduct
FNDA:0,editProductPerId
FNDA:0,deleteProductPerId
DA:5,4
DA:6,4
DA:8,4
DA:9,4
DA:10,4
DA:11,4
DA:12,4
DA:15,0
DA:16,0
DA:20,0
DA:21,0
DA:40,0
DA:45,0
DA:46,0
DA:62,0
DA:70,0
DA:83,0
DA:84,0
DA:89,0
DA:107,0
DA:115,0
DA:119,0
DA:120,0
DA:125,0
DA:133,0
LF:25
LH:7
BRF:0
BRH:0
end_of_record
TN:
SF:src\routes\Sellers.ts
FN:13,getAllSellers
FN:22,getSellerPerId
FN:39,createNewSeller
FN:60,editSellerPerId
FN:79,deleteSellerPerId
FNF:5
FNH:0
FNDA:0,getAllSellers
FNDA:0,getSellerPerId
FNDA:0,createNewSeller
FNDA:0,editSellerPerId
FNDA:0,deleteSellerPerId
DA:4,4
DA:5,4
DA:7,4
DA:8,4
DA:9,4
DA:10,4
DA:11,4
DA:14,0
DA:15,0
DA:16,0
DA:18,0
DA:23,0
DA:24,0
DA:25,0
DA:26,0
DA:29,0
DA:31,0
DA:34,0
DA:40,0
DA:41,0
DA:42,0
DA:43,0
DA:50,0
DA:52,0
DA:55,0
DA:61,0
DA:62,0
DA:63,0
DA:66,0
DA:73,0
DA:75,0
DA:80,0
DA:81,0
DA:82,0
DA:85,0
DA:87,0
LF:36
LH:7
BRDA:25,0,0,0
BRDA:25,0,1,0
BRDA:42,1,0,0
BRDA:42,1,1,0
BRDA:42,2,0,0
BRDA:42,2,1,0
BRDA:42,2,2,0
BRDA:62,3,0,0
BRDA:62,3,1,0
BRDA:69,4,0,0
BRDA:69,4,1,0
BRDA:70,5,0,0
BRDA:70,5,1,0
BRDA:81,6,0,0
BRDA:81,6,1,0
BRF:15
BRH:0
end_of_record
TN:
SF:src\routes\Sells.ts
FN:13,getAllSells
FN:18,getSellPerId
FN:22,createNewSell
FN:52,editSellPerId
FN:85,deleteSellPerId
FNF:5
FNH:0
FNDA:0,getAllSells
FNDA:0,getSellPerId
FNDA:0,createNewSell
FNDA:0,editSellPerId
FNDA:0,deleteSellPerId
DA:4,4
DA:5,4
DA:7,4
DA:8,4
DA:9,4
DA:10,4
DA:11,4
DA:14,0
DA:15,0
DA:32,0
DA:33,0
DA:34,0
DA:46,0
DA:48,0
DA:62,0
DA:63,0
DA:64,0
DA:67,0
DA:79,0
DA:81,0
DA:86,0
DA:87,0
DA:88,0
DA:91,0
DA:93,0
LF:25
LH:7
BRDA:33,0,0,0
BRDA:33,0,1,0
BRDA:33,1,0,0
BRDA:33,1,1,0
BRDA:33,1,2,0
BRDA:37,2,0,0
BRDA:37,2,1,0
BRDA:40,3,0,0
BRDA:40,3,1,0
BRDA:41,4,0,0
BRDA:41,4,1,0
BRDA:42,5,0,0
BRDA:42,5,1,0
BRDA:43,6,0,0
BRDA:43,6,1,0
BRDA:63,7,0,0
BRDA:63,7,1,0
BRDA:70,8,0,0
BRDA:70,8,1,0
BRDA:71,9,0,0
BRDA:71,9,1,0
BRDA:72,10,0,0
BRDA:72,10,1,0
BRDA:73,11,0,0
BRDA:73,11,1,0
BRDA:74,12,0,0
BRDA:74,12,1,0
BRDA:75,13,0,0
BRDA:75,13,1,0
BRDA:76,14,0,0
BRDA:76,14,1,0
BRDA:87,15,0,0
BRDA:87,15,1,0
BRF:33
BRH:0
end_of_record
TN:
SF:src\routes\States.ts
FN:13,getAllStates
FN:26,getStatePerCode
FN:30,createNewState
FN:45,editStatePerCode
FN:58,deleteStatePerCode
FNF:5
FNH:0
FNDA:0,getAllStates
FNDA:0,getStatePerCode
FNDA:0,createNewState
FNDA:0,editStatePerCode
FNDA:0,deleteStatePerCode
DA:4,4
DA:5,4
DA:7,4
DA:8,4
DA:9,4
DA:10,4
DA:11,4
DA:14,0
DA:15,0
DA:16,0
DA:19,0
DA:21,0
DA:22,0
DA:31,0
DA:32,0
DA:33,0
DA:39,0
DA:41,0
DA:46,0
DA:47,0
DA:48,0
DA:52,0
DA:54,0
DA:59,0
DA:60,0
DA:61,0
DA:64,0
DA:66,0
LF:28
LH:7
BRDA:15,0,0,0
BRDA:15,0,1,0
BRDA:32,1,0,0
BRDA:32,1,1,0
BRDA:32,2,0,0
BRDA:32,2,1,0
BRDA:47,3,0,0
BRDA:47,3,1,0
BRDA:47,4,0,0
BRDA:47,4,1,0
BRDA:60,5,0,0
BRDA:60,5,1,0
BRF:12
BRH:0
end_of_record
TN:
SF:src\routes\Transactions.ts
FN:14,getAllTransactions
FN:19,getTransactionsPerId
FN:23,createNewTransaction
FN:54,editTransactionPerId
FN:79,deleteAllTransactions
FN:83,deleteTransactionPerId
FNF:6
FNH:0
FNDA:0,getAllTransactions
FNDA:0,getTransactionsPerId
FNDA:0,createNewTransaction
FNDA:0,editTransactionPerId
FNDA:0,deleteAllTransactions
FNDA:0,deleteTransactionPerId
DA:4,4
DA:5,4
DA:7,4
DA:8,4
DA:9,4
DA:10,4
DA:11,4
DA:12,4
DA:15,0
DA:16,0
DA:25,0
DA:26,0
DA:36,0
DA:48,0
DA:50,0
DA:56,0
DA:57,0
DA:58,0
DA:61,0
DA:73,0
DA:75,0
DA:84,0
DA:85,0
DA:86,0
DA:89,0
DA:91,0
LF:26
LH:8
BRDA:26,0,0,0
BRDA:26,0,1,0
BRDA:27,1,0,0
BRDA:27,1,1,0
BRDA:27,1,2,0
BRDA:27,1,3,0
BRDA:27,1,4,0
BRDA:27,1,5,0
BRDA:27,1,6,0
BRDA:27,1,7,0
BRDA:57,2,0,0
BRDA:57,2,1,0
BRDA:64,3,0,0
BRDA:64,3,1,0
BRDA:65,4,0,0
BRDA:65,4,1,0
BRDA:66,5,0,0
BRDA:66,5,1,0
BRDA:67,6,0,0
BRDA:67,6,1,0
BRDA:68,7,0,0
BRDA:68,7,1,0
BRDA:69,8,0,0
BRDA:69,8,1,0
BRDA:70,9,0,0
BRDA:70,9,1,0
BRDA:85,10,0,0
BRDA:85,10,1,0
BRF:28
BRH:0
end_of_record
TN:
SF:src\routes\Users.ts
FN:15,getAllUsers
FN:28,verifyLogin
FN:84,createNewUser
FN:104,editUserPerId
FN:123,deleteUserPerId
FN:135,deleteAllUsers
FNF:6
FNH:0
FNDA:0,getAllUsers
FNDA:0,verifyLogin
FNDA:0,createNewUser
FNDA:0,editUserPerId
FNDA:0,deleteUserPerId
FNDA:0,deleteAllUsers
DA:5,4
DA:6,4
DA:8,4
DA:9,4
DA:10,4
DA:11,4
DA:12,4
DA:13,4
DA:16,0
DA:17,0
DA:22,0
DA:24,0
DA:29,0
DA:30,0
DA:31,0
DA:34,0
DA:35,0
DA:45,0
DA:47,0
DA:53,0
DA:54,0
DA:55,0
DA:60,0
DA:61,0
DA:62,0
DA:67,0
DA:68,0
DA:69,0
DA:75,0
DA:85,0
DA:86,0
DA:87,0
DA:94,0
DA:98,0
DA:100,0
DA:105,0
DA:106,0
DA:107,0
DA:110,0
DA:117,0
DA:119,0
DA:124,0
DA:125,0
DA:126,0
DA:129,0
DA:131,0
LF:46
LH:8
BRDA:34,0,0,0
BRDA:34,0,1,0
BRDA:53,1,0,0
BRDA:53,1,1,0
BRDA:60,2,0,0
BRDA:60,2,1,0
BRDA:67,3,0,0
BRDA:67,3,1,0
BRDA:86,4,0,0
BRDA:86,4,1,0
BRDA:91,5,0,0
BRDA:91,5,1,0
BRDA:106,6,0,0
BRDA:106,6,1,0
BRDA:113,7,0,0
BRDA:113,7,1,0
BRDA:114,8,0,0
BRDA:114,8,1,0
BRDA:125,9,0,0
BRDA:125,9,1,0
BRF:20
BRH:0
end_of_record
